#
# There is insufficient memory for the Java Runtime Environment to continue.
# Native memory allocation (malloc) failed to allocate 1046896 bytes for Chunk::new
# Possible reasons:
#   The system is out of physical RAM or swap space
#   The process is running with CompressedOops enabled, and the Java Heap may be blocking the growth of the native heap
# Possible solutions:
#   Reduce memory load on the system
#   Increase physical memory or swap space
#   Check if swap backing store is full
#   Decrease Java heap size (-Xmx/-Xms)
#   Decrease number of Java threads
#   Decrease Java thread stack sizes (-Xss)
#   Set larger code cache with -XX:ReservedCodeCacheSize=
#   JVM is running with Unscaled Compressed Oops mode in which the Java heap is
#     placed in the first 4GB address space. The Java Heap base address is the
#     maximum limit for the native heap growth. Please use -XX:HeapBaseMinAddress
#     to set the Java Heap base and to place the Java Heap above 4GB virtual address.
# This output file may be truncated or incomplete.
#
#  Out of Memory Error (./src/hotspot/share/memory/arena.cpp:197), pid=22460, tid=20388
#
# JRE version: OpenJDK Runtime Environment (11.0.13) (build 11.0.13+0-b1751.21-8125866)
# Java VM: OpenJDK 64-Bit Server VM (11.0.13+0-b1751.21-8125866, mixed mode, tiered, compressed oops, g1 gc, windows-amd64)
# No core dump will be written. Minidumps are not enabled by default on client versions of Windows
#

---------------  S U M M A R Y ------------

Command Line: --add-opens=java.base/java.util=ALL-UNNAMED --add-opens=java.base/java.lang=ALL-UNNAMED --add-opens=java.base/java.lang.invoke=ALL-UNNAMED --add-opens=java.base/java.util=ALL-UNNAMED --add-opens=java.prefs/java.util.prefs=ALL-UNNAMED --add-opens=java.prefs/java.util.prefs=ALL-UNNAMED --add-opens=java.base/java.nio.charset=ALL-UNNAMED --add-opens=java.base/java.net=ALL-UNNAMED --add-opens=java.base/java.util.concurrent.atomic=ALL-UNNAMED -Xmx2048m -Dfile.encoding=UTF-8 -Duser.country=RU -Duser.language=ru -Duser.variant org.gradle.launcher.daemon.bootstrap.GradleDaemon 7.4

Host: AMD Ryzen 5 3400G with Radeon Vega Graphics    , 8 cores, 15G,  Windows 10 , 64 bit Build 19041 (10.0.19041.3636)
Time: Sun Nov 19 14:03:09 2023 RTZ 4 (зима) elapsed time: 3962.742443 seconds (0d 1h 6m 2s)

---------------  T H R E A D  ---------------

Current thread (0x00000228c7265800):  JavaThread "C2 CompilerThread0" daemon [_thread_in_native, id=20388, stack(0x00000094f3200000,0x00000094f3300000)]


Current CompileTask:
C2:3962742 19350       4       com.google.common.collect.LinkedListMultimap$DistinctKeyIterator::next (81 bytes)

Stack: [0x00000094f3200000,0x00000094f3300000]
Native frames: (J=compiled Java code, j=interpreted, Vv=VM code, C=native code)
V  [jvm.dll+0x6100fa]
V  [jvm.dll+0x747090]
V  [jvm.dll+0x7486ad]
V  [jvm.dll+0x748d83]
V  [jvm.dll+0x24ab48]
V  [jvm.dll+0xc04dc]
V  [jvm.dll+0xc0a0c]
V  [jvm.dll+0x35eb5b]
V  [jvm.dll+0x19d7bc]
V  [jvm.dll+0x2033be]
V  [jvm.dll+0x202437]
V  [jvm.dll+0x188e01]
V  [jvm.dll+0x21106b]
V  [jvm.dll+0x20f8c1]
V  [jvm.dll+0x70de0f]
V  [jvm.dll+0x706a75]
V  [jvm.dll+0x60ed66]
C  [ucrtbase.dll+0x21bb2]
C  [KERNEL32.DLL+0x17344]
C  [ntdll.dll+0x526b1]


---------------  P R O C E S S  ---------------

Threads class SMR info:
_java_thread_list=0x00000228d1f8c720, length=142, elements={
0x00000228aa53b800, 0x00000228c71ee000, 0x00000228c71ef800, 0x00000228c7214800,
0x00000228c7216000, 0x00000228c7217000, 0x00000228c7265800, 0x00000228c726c000,
0x00000228c726d000, 0x00000228c73d2800, 0x00000228c9b29800, 0x00000228c9b2d800,
0x00000228c9b2a000, 0x00000228c94c6800, 0x00000228c94c8000, 0x00000228c94ca800,
0x00000228c94c9800, 0x00000228c94c9000, 0x00000228c94cc000, 0x00000228c94cd000,
0x00000228c94c7800, 0x00000228cad17800, 0x00000228cad1b000, 0x00000228cad16000,
0x00000228cad18800, 0x00000228cad16800, 0x00000228cad1c800, 0x00000228cad1d000,
0x00000228c9dd0000, 0x00000228d0712800, 0x00000228d070e800, 0x00000228d070f000,
0x00000228d0711800, 0x00000228d0710000, 0x00000228d0713800, 0x00000228d070d800,
0x00000228d0716800, 0x00000228d0715800, 0x00000228d0714000, 0x00000228d0715000,
0x00000228d0711000, 0x00000228d0718000, 0x00000228d0719000, 0x00000228d071a000,
0x00000228d0717800, 0x00000228d071a800, 0x00000228c9dc8000, 0x00000228c9dc7000,
0x00000228c9dce800, 0x00000228c9dc9800, 0x00000228c9dcc000, 0x00000228c9dc9000,
0x00000228c9dcf800, 0x00000228c9dca800, 0x00000228c9dcd000, 0x00000228c9dd1000,
0x00000228c9dcb800, 0x00000228c9dd2800, 0x00000228c9dd3800, 0x00000228c9dce000,
0x00000228c9dd4800, 0x00000228c9dd5000, 0x00000228c9dd6000, 0x00000228caa6f800,
0x00000228caa6e000, 0x00000228caa74800, 0x00000228caa75000, 0x00000228caa77000,
0x00000228caa76000, 0x00000228caa71000, 0x00000228caa77800, 0x00000228caa72000,
0x00000228caa79800, 0x00000228caa78800, 0x00000228caa7a000, 0x00000228caa7b000,
0x00000228caa7c800, 0x00000228caa7c000, 0x00000228cad19000, 0x00000228cad1a000,
0x00000228cad15000, 0x00000228cad1f800, 0x00000228cad1b800, 0x00000228cad22000,
0x00000228cad23000, 0x00000228cad24000, 0x00000228c9b2c800, 0x00000228c9b2b000,
0x00000228c9b2c000, 0x00000228c9b2e800, 0x00000228c9b2f000, 0x00000228c9b30000,
0x00000228c94cb800, 0x00000228d1990800, 0x00000228d1991800, 0x00000228d1992000,
0x00000228d1993000, 0x00000228d1994000, 0x00000228d1994800, 0x00000228d1995800,
0x00000228d198f800, 0x00000228d1997000, 0x00000228d199a800, 0x00000228d1998800,
0x00000228d199b000, 0x00000228d199c000, 0x00000228d1999800, 0x00000228d1998000,
0x00000228d1996000, 0x00000228d199e800, 0x00000228d199c800, 0x00000228d199d800,
0x00000228cfd18000, 0x00000228cfd14800, 0x00000228cfd15800, 0x00000228cfd1b000,
0x00000228cfd19800, 0x00000228cfd1a800, 0x00000228cfd19000, 0x00000228cfd16800,
0x00000228cfd17000, 0x00000228d00f8000, 0x00000228d00f9000, 0x00000228d00f5000,
0x00000228d00f4000, 0x00000228d00f5800, 0x00000228d00f3000, 0x00000228d00f9800,
0x00000228d00f7800, 0x00000228d00f6800, 0x00000228d6d98000, 0x00000228d6d93000,
0x00000228d6d94000, 0x00000228c7991000, 0x00000228c798d800, 0x00000228d6d94800,
0x00000228d6d96800, 0x00000228d6d97000, 0x00000228d6d92000, 0x00000228d6d9d800,
0x00000228d6d99800, 0x00000228d6d9a800
}

Java Threads: ( => current thread )
  0x00000228aa53b800 JavaThread "main" [_thread_blocked, id=19564, stack(0x00000094f2600000,0x00000094f2700000)]
  0x00000228c71ee000 JavaThread "Reference Handler" daemon [_thread_blocked, id=7324, stack(0x00000094f2d00000,0x00000094f2e00000)]
  0x00000228c71ef800 JavaThread "Finalizer" daemon [_thread_blocked, id=20252, stack(0x00000094f2e00000,0x00000094f2f00000)]
  0x00000228c7214800 JavaThread "Signal Dispatcher" daemon [_thread_blocked, id=19524, stack(0x00000094f2f00000,0x00000094f3000000)]
  0x00000228c7216000 JavaThread "Attach Listener" daemon [_thread_blocked, id=19196, stack(0x00000094f3000000,0x00000094f3100000)]
  0x00000228c7217000 JavaThread "Service Thread" daemon [_thread_blocked, id=19536, stack(0x00000094f3100000,0x00000094f3200000)]
=>0x00000228c7265800 JavaThread "C2 CompilerThread0" daemon [_thread_in_native, id=20388, stack(0x00000094f3200000,0x00000094f3300000)]
  0x00000228c726c000 JavaThread "C1 CompilerThread0" daemon [_thread_in_native, id=22996, stack(0x00000094f3300000,0x00000094f3400000)]
  0x00000228c726d000 JavaThread "Sweeper thread" daemon [_thread_blocked, id=19308, stack(0x00000094f3400000,0x00000094f3500000)]
  0x00000228c73d2800 JavaThread "Common-Cleaner" daemon [_thread_blocked, id=17140, stack(0x00000094f3500000,0x00000094f3600000)]
  0x00000228c9b29800 JavaThread "Daemon health stats" [_thread_blocked, id=23752, stack(0x00000094f3e00000,0x00000094f3f00000)]
  0x00000228c9b2d800 JavaThread "Incoming local TCP Connector on port 57719" [_thread_in_native, id=16836, stack(0x00000094f3700000,0x00000094f3800000)]
  0x00000228c9b2a000 JavaThread "Daemon periodic checks" [_thread_blocked, id=23152, stack(0x00000094f3d00000,0x00000094f3e00000)]
  0x00000228c94c6800 JavaThread "Cache worker for journal cache (C:\Users\Matve\.gradle\caches\journal-1)" [_thread_blocked, id=23760, stack(0x00000094f4600000,0x00000094f4700000)]
  0x00000228c94c8000 JavaThread "File lock request listener" [_thread_in_native, id=20768, stack(0x00000094f4700000,0x00000094f4800000)]
  0x00000228c94ca800 JavaThread "Cache worker for file hash cache (C:\Users\Matve\.gradle\caches\7.4\fileHashes)" [_thread_blocked, id=15664, stack(0x00000094f4b00000,0x00000094f4c00000)]
  0x00000228c94c9800 JavaThread "File watcher server" daemon [_thread_in_native, id=5016, stack(0x00000094f4e00000,0x00000094f4f00000)]
  0x00000228c94c9000 JavaThread "File watcher consumer" daemon [_thread_blocked, id=21648, stack(0x00000094f4f00000,0x00000094f5000000)]
  0x00000228c94cc000 JavaThread "jar transforms" [_thread_blocked, id=6624, stack(0x00000094f5000000,0x00000094f5100000)]
  0x00000228c94cd000 JavaThread "jar transforms Thread 2" [_thread_blocked, id=14388, stack(0x00000094f5100000,0x00000094f5200000)]
  0x00000228c94c7800 JavaThread "jar transforms Thread 3" [_thread_blocked, id=14148, stack(0x00000094f5200000,0x00000094f5300000)]
  0x00000228cad17800 JavaThread "jar transforms Thread 4" [_thread_blocked, id=24032, stack(0x00000094f5300000,0x00000094f5400000)]
  0x00000228cad1b000 JavaThread "jar transforms Thread 5" [_thread_blocked, id=17768, stack(0x00000094f5400000,0x00000094f5500000)]
  0x00000228cad16000 JavaThread "jar transforms Thread 6" [_thread_blocked, id=18256, stack(0x00000094f5500000,0x00000094f5600000)]
  0x00000228cad18800 JavaThread "jar transforms Thread 7" [_thread_blocked, id=9428, stack(0x00000094f5600000,0x00000094f5700000)]
  0x00000228cad16800 JavaThread "jar transforms Thread 8" [_thread_blocked, id=16500, stack(0x00000094f5700000,0x00000094f5800000)]
  0x00000228cad1c800 JavaThread "Cache worker for execution history cache (C:\Users\Matve\.gradle\caches\7.4\executionHistory)" [_thread_blocked, id=20904, stack(0x00000094f5b00000,0x00000094f5c00000)]
  0x00000228cad1d000 JavaThread "Cache worker for file content cache (C:\Users\Matve\.gradle\caches\7.4\fileContent)" [_thread_blocked, id=22844, stack(0x00000094f5d00000,0x00000094f5e00000)]
  0x00000228c9dd0000 JavaThread "Memory manager" [_thread_blocked, id=18664, stack(0x00000094fb000000,0x00000094fb100000)]
  0x00000228d0712800 JavaThread "Daemon Thread 5" [_thread_blocked, id=19024, stack(0x00000094f2300000,0x00000094f2400000)]
  0x00000228d070e800 JavaThread "Handler for socket connection from /127.0.0.1:57719 to /127.0.0.1:58879" [_thread_in_native, id=22252, stack(0x00000094f2400000,0x00000094f2500000)]
  0x00000228d070f000 JavaThread "Cancel handler" [_thread_blocked, id=22292, stack(0x00000094f2500000,0x00000094f2600000)]
  0x00000228d0711800 JavaThread "Daemon worker Thread 4" [_thread_blocked, id=17396, stack(0x00000094f3f00000,0x00000094f4000000)]
  0x00000228d0710000 JavaThread "Asynchronous log dispatcher for DefaultDaemonConnection: socket connection from /127.0.0.1:57719 to /127.0.0.1:58879" [_thread_blocked, id=23104, stack(0x00000094f4000000,0x00000094f4100000)]
  0x00000228d0713800 JavaThread "Stdin handler" [_thread_blocked, id=20676, stack(0x00000094f4100000,0x00000094f4200000)]
  0x00000228d070d800 JavaThread "Daemon client event forwarder" [_thread_blocked, id=24244, stack(0x00000094f4200000,0x00000094f4300000)]
  0x00000228d0716800 JavaThread "Cache worker for checksums cache (C:\Users\Matve\AndroidStudioProjects\InverseMarket\.gradle\7.4\checksums)" [_thread_blocked, id=5744, stack(0x00000094f4300000,0x00000094f4400000)]
  0x00000228d0715800 JavaThread "Cache worker for cache directory md-rule (C:\Users\Matve\.gradle\caches\7.4\md-rule)" [_thread_blocked, id=24368, stack(0x00000094f4400000,0x00000094f4500000)]
  0x00000228d0714000 JavaThread "Cache worker for file hash cache (C:\Users\Matve\AndroidStudioProjects\InverseMarket\.gradle\7.4\fileHashes)" [_thread_blocked, id=9004, stack(0x00000094f5800000,0x00000094f5900000)]
  0x00000228d0715000 JavaThread "Cache worker for cache directory md-supplier (C:\Users\Matve\.gradle\caches\7.4\md-supplier)" [_thread_blocked, id=23144, stack(0x00000094f5900000,0x00000094f5a00000)]
  0x00000228d0711000 JavaThread "Cache worker for dependencies-accessors (C:\Users\Matve\AndroidStudioProjects\InverseMarket\.gradle\7.4\dependencies-accessors)" [_thread_blocked, id=9056, stack(0x00000094f5a00000,0x00000094f5b00000)]
  0x00000228d0718000 JavaThread "Cache worker for Build Output Cleanup Cache (C:\Users\Matve\AndroidStudioProjects\InverseMarket\.gradle\buildOutputCleanup)" [_thread_blocked, id=6560, stack(0x00000094f5f00000,0x00000094f6000000)]
  0x00000228d0719000 JavaThread "Unconstrained build operations" [_thread_blocked, id=824, stack(0x00000094f6000000,0x00000094f6100000)]
  0x00000228d071a000 JavaThread "Unconstrained build operations Thread 2" [_thread_blocked, id=21064, stack(0x00000094f6100000,0x00000094f6200000)]
  0x00000228d0717800 JavaThread "Unconstrained build operations Thread 3" [_thread_blocked, id=24152, stack(0x00000094f6200000,0x00000094f6300000)]
  0x00000228d071a800 JavaThread "Unconstrained build operations Thread 4" [_thread_blocked, id=20796, stack(0x00000094f6300000,0x00000094f6400000)]
  0x00000228c9dc8000 JavaThread "Unconstrained build operations Thread 5" [_thread_blocked, id=5592, stack(0x00000094f6400000,0x00000094f6500000)]
  0x00000228c9dc7000 JavaThread "Unconstrained build operations Thread 6" [_thread_blocked, id=7452, stack(0x00000094f6500000,0x00000094f6600000)]
  0x00000228c9dce800 JavaThread "Unconstrained build operations Thread 7" [_thread_blocked, id=8452, stack(0x00000094f6600000,0x00000094f6700000)]
  0x00000228c9dc9800 JavaThread "Unconstrained build operations Thread 8" [_thread_blocked, id=20628, stack(0x00000094f6700000,0x00000094f6800000)]
  0x00000228c9dcc000 JavaThread "Unconstrained build operations Thread 9" [_thread_blocked, id=20624, stack(0x00000094f6800000,0x00000094f6900000)]
  0x00000228c9dc9000 JavaThread "Unconstrained build operations Thread 10" [_thread_blocked, id=10552, stack(0x00000094f6900000,0x00000094f6a00000)]
  0x00000228c9dcf800 JavaThread "Unconstrained build operations Thread 11" [_thread_blocked, id=16392, stack(0x00000094f6a00000,0x00000094f6b00000)]
  0x00000228c9dca800 JavaThread "Unconstrained build operations Thread 12" [_thread_blocked, id=18620, stack(0x00000094f6b00000,0x00000094f6c00000)]
  0x00000228c9dcd000 JavaThread "Unconstrained build operations Thread 13" [_thread_blocked, id=21628, stack(0x00000094f6c00000,0x00000094f6d00000)]
  0x00000228c9dd1000 JavaThread "Unconstrained build operations Thread 14" [_thread_blocked, id=21092, stack(0x00000094f6d00000,0x00000094f6e00000)]
  0x00000228c9dcb800 JavaThread "Unconstrained build operations Thread 15" [_thread_blocked, id=6828, stack(0x00000094f6e00000,0x00000094f6f00000)]
  0x00000228c9dd2800 JavaThread "Unconstrained build operations Thread 16" [_thread_blocked, id=24424, stack(0x00000094f6f00000,0x00000094f7000000)]
  0x00000228c9dd3800 JavaThread "Unconstrained build operations Thread 17" [_thread_blocked, id=16324, stack(0x00000094f7000000,0x00000094f7100000)]
  0x00000228c9dce000 JavaThread "Unconstrained build operations Thread 18" [_thread_blocked, id=24328, stack(0x00000094f7100000,0x00000094f7200000)]
  0x00000228c9dd4800 JavaThread "Unconstrained build operations Thread 19" [_thread_blocked, id=22028, stack(0x00000094f7200000,0x00000094f7300000)]
  0x00000228c9dd5000 JavaThread "Unconstrained build operations Thread 20" [_thread_blocked, id=18816, stack(0x00000094f7300000,0x00000094f7400000)]
  0x00000228c9dd6000 JavaThread "Unconstrained build operations Thread 21" [_thread_blocked, id=21200, stack(0x00000094f7400000,0x00000094f7500000)]
  0x00000228caa6f800 JavaThread "Unconstrained build operations Thread 22" [_thread_blocked, id=6552, stack(0x00000094f7500000,0x00000094f7600000)]
  0x00000228caa6e000 JavaThread "Unconstrained build operations Thread 23" [_thread_blocked, id=17576, stack(0x00000094f7600000,0x00000094f7700000)]
  0x00000228caa74800 JavaThread "Unconstrained build operations Thread 24" [_thread_blocked, id=4012, stack(0x00000094f7700000,0x00000094f7800000)]
  0x00000228caa75000 JavaThread "Unconstrained build operations Thread 25" [_thread_blocked, id=20536, stack(0x00000094f7800000,0x00000094f7900000)]
  0x00000228caa77000 JavaThread "Unconstrained build operations Thread 26" [_thread_blocked, id=22780, stack(0x00000094f7900000,0x00000094f7a00000)]
  0x00000228caa76000 JavaThread "Unconstrained build operations Thread 27" [_thread_blocked, id=17644, stack(0x00000094f7a00000,0x00000094f7b00000)]
  0x00000228caa71000 JavaThread "Unconstrained build operations Thread 28" [_thread_blocked, id=17328, stack(0x00000094f7b00000,0x00000094f7c00000)]
  0x00000228caa77800 JavaThread "Unconstrained build operations Thread 29" [_thread_blocked, id=10696, stack(0x00000094f7c00000,0x00000094f7d00000)]
  0x00000228caa72000 JavaThread "Unconstrained build operations Thread 30" [_thread_blocked, id=21364, stack(0x00000094f7d00000,0x00000094f7e00000)]
  0x00000228caa79800 JavaThread "Unconstrained build operations Thread 31" [_thread_blocked, id=6804, stack(0x00000094f7e00000,0x00000094f7f00000)]
  0x00000228caa78800 JavaThread "Unconstrained build operations Thread 32" [_thread_blocked, id=7396, stack(0x00000094f7f00000,0x00000094f8000000)]
  0x00000228caa7a000 JavaThread "Unconstrained build operations Thread 33" [_thread_blocked, id=21940, stack(0x00000094f8000000,0x00000094f8100000)]
  0x00000228caa7b000 JavaThread "Unconstrained build operations Thread 34" [_thread_blocked, id=23664, stack(0x00000094f8100000,0x00000094f8200000)]
  0x00000228caa7c800 JavaThread "Unconstrained build operations Thread 35" [_thread_blocked, id=18068, stack(0x00000094f8200000,0x00000094f8300000)]
  0x00000228caa7c000 JavaThread "Unconstrained build operations Thread 36" [_thread_blocked, id=21032, stack(0x00000094f8300000,0x00000094f8400000)]
  0x00000228cad19000 JavaThread "Unconstrained build operations Thread 37" [_thread_blocked, id=19584, stack(0x00000094f8400000,0x00000094f8500000)]
  0x00000228cad1a000 JavaThread "Unconstrained build operations Thread 38" [_thread_blocked, id=23168, stack(0x00000094f8500000,0x00000094f8600000)]
  0x00000228cad15000 JavaThread "Unconstrained build operations Thread 39" [_thread_blocked, id=22168, stack(0x00000094f8600000,0x00000094f8700000)]
  0x00000228cad1f800 JavaThread "Unconstrained build operations Thread 40" [_thread_blocked, id=15160, stack(0x00000094f8700000,0x00000094f8800000)]
  0x00000228cad1b800 JavaThread "Unconstrained build operations Thread 41" [_thread_blocked, id=14212, stack(0x00000094f8800000,0x00000094f8900000)]
  0x00000228cad22000 JavaThread "Unconstrained build operations Thread 42" [_thread_blocked, id=12556, stack(0x00000094f8900000,0x00000094f8a00000)]
  0x00000228cad23000 JavaThread "Unconstrained build operations Thread 43" [_thread_blocked, id=16596, stack(0x00000094f8a00000,0x00000094f8b00000)]
  0x00000228cad24000 JavaThread "Unconstrained build operations Thread 44" [_thread_blocked, id=22008, stack(0x00000094f8b00000,0x00000094f8c00000)]
  0x00000228c9b2c800 JavaThread "Unconstrained build operations Thread 45" [_thread_blocked, id=20668, stack(0x00000094f8c00000,0x00000094f8d00000)]
  0x00000228c9b2b000 JavaThread "Unconstrained build operations Thread 46" [_thread_blocked, id=22404, stack(0x00000094f8d00000,0x00000094f8e00000)]
  0x00000228c9b2c000 JavaThread "Unconstrained build operations Thread 47" [_thread_blocked, id=7132, stack(0x00000094f8e00000,0x00000094f8f00000)]
  0x00000228c9b2e800 JavaThread "Unconstrained build operations Thread 48" [_thread_blocked, id=23940, stack(0x00000094f8f00000,0x00000094f9000000)]
  0x00000228c9b2f000 JavaThread "Unconstrained build operations Thread 49" [_thread_blocked, id=23984, stack(0x00000094f9000000,0x00000094f9100000)]
  0x00000228c9b30000 JavaThread "Unconstrained build operations Thread 50" [_thread_blocked, id=7444, stack(0x00000094f9100000,0x00000094f9200000)]
  0x00000228c94cb800 JavaThread "Unconstrained build operations Thread 51" [_thread_blocked, id=15616, stack(0x00000094f9200000,0x00000094f9300000)]
  0x00000228d1990800 JavaThread "Unconstrained build operations Thread 52" [_thread_blocked, id=19464, stack(0x00000094f9300000,0x00000094f9400000)]
  0x00000228d1991800 JavaThread "Unconstrained build operations Thread 53" [_thread_blocked, id=22448, stack(0x00000094f9400000,0x00000094f9500000)]
  0x00000228d1992000 JavaThread "Unconstrained build operations Thread 54" [_thread_blocked, id=20856, stack(0x00000094f9500000,0x00000094f9600000)]
  0x00000228d1993000 JavaThread "Unconstrained build operations Thread 55" [_thread_blocked, id=11324, stack(0x00000094f9600000,0x00000094f9700000)]
  0x00000228d1994000 JavaThread "Unconstrained build operations Thread 56" [_thread_blocked, id=17540, stack(0x00000094f9700000,0x00000094f9800000)]
  0x00000228d1994800 JavaThread "Unconstrained build operations Thread 57" [_thread_blocked, id=18000, stack(0x00000094f9800000,0x00000094f9900000)]
  0x00000228d1995800 JavaThread "Unconstrained build operations Thread 58" [_thread_blocked, id=23184, stack(0x00000094f9900000,0x00000094f9a00000)]
  0x00000228d198f800 JavaThread "Unconstrained build operations Thread 59" [_thread_blocked, id=11376, stack(0x00000094f9a00000,0x00000094f9b00000)]
  0x00000228d1997000 JavaThread "Unconstrained build operations Thread 60" [_thread_blocked, id=10212, stack(0x00000094f9b00000,0x00000094f9c00000)]
  0x00000228d199a800 JavaThread "Unconstrained build operations Thread 61" [_thread_blocked, id=3908, stack(0x00000094f9c00000,0x00000094f9d00000)]
  0x00000228d1998800 JavaThread "Unconstrained build operations Thread 62" [_thread_blocked, id=15020, stack(0x00000094f9d00000,0x00000094f9e00000)]
  0x00000228d199b000 JavaThread "Unconstrained build operations Thread 63" [_thread_blocked, id=24524, stack(0x00000094f9e00000,0x00000094f9f00000)]
  0x00000228d199c000 JavaThread "Unconstrained build operations Thread 64" [_thread_blocked, id=19764, stack(0x00000094f9f00000,0x00000094fa000000)]
  0x00000228d1999800 JavaThread "Unconstrained build operations Thread 65" [_thread_blocked, id=9264, stack(0x00000094fa000000,0x00000094fa100000)]
  0x00000228d1998000 JavaThread "Unconstrained build operations Thread 66" [_thread_blocked, id=18192, stack(0x00000094fa100000,0x00000094fa200000)]
  0x00000228d1996000 JavaThread "Unconstrained build operations Thread 67" [_thread_blocked, id=20664, stack(0x00000094fa200000,0x00000094fa300000)]
  0x00000228d199e800 JavaThread "Unconstrained build operations Thread 68" [_thread_blocked, id=21224, stack(0x00000094fa300000,0x00000094fa400000)]
  0x00000228d199c800 JavaThread "Unconstrained build operations Thread 69" [_thread_blocked, id=6444, stack(0x00000094fa400000,0x00000094fa500000)]
  0x00000228d199d800 JavaThread "Unconstrained build operations Thread 70" [_thread_blocked, id=22564, stack(0x00000094fa500000,0x00000094fa600000)]
  0x00000228cfd18000 JavaThread "Unconstrained build operations Thread 71" [_thread_blocked, id=23704, stack(0x00000094fa600000,0x00000094fa700000)]
  0x00000228cfd14800 JavaThread "Unconstrained build operations Thread 72" [_thread_blocked, id=7088, stack(0x00000094fa700000,0x00000094fa800000)]
  0x00000228cfd15800 JavaThread "Unconstrained build operations Thread 73" [_thread_blocked, id=17888, stack(0x00000094fa800000,0x00000094fa900000)]
  0x00000228cfd1b000 JavaThread "Unconstrained build operations Thread 74" [_thread_blocked, id=23248, stack(0x00000094fa900000,0x00000094faa00000)]
  0x00000228cfd19800 JavaThread "Unconstrained build operations Thread 75" [_thread_blocked, id=24384, stack(0x00000094faa00000,0x00000094fab00000)]
  0x00000228cfd1a800 JavaThread "Unconstrained build operations Thread 76" [_thread_blocked, id=13088, stack(0x00000094fab00000,0x00000094fac00000)]
  0x00000228cfd19000 JavaThread "Unconstrained build operations Thread 77" [_thread_blocked, id=19208, stack(0x00000094fac00000,0x00000094fad00000)]
  0x00000228cfd16800 JavaThread "Unconstrained build operations Thread 78" [_thread_blocked, id=6488, stack(0x00000094fad00000,0x00000094fae00000)]
  0x00000228cfd17000 JavaThread "Unconstrained build operations Thread 79" [_thread_blocked, id=2984, stack(0x00000094fae00000,0x00000094faf00000)]
  0x00000228d00f8000 JavaThread "Unconstrained build operations Thread 80" [_thread_blocked, id=11464, stack(0x00000094faf00000,0x00000094fb000000)]
  0x00000228d00f9000 JavaThread "build event listener" [_thread_blocked, id=1648, stack(0x00000094fb100000,0x00000094fb200000)]
  0x00000228d00f5000 JavaThread "included builds" [_thread_blocked, id=1260, stack(0x00000094fb200000,0x00000094fb300000)]
  0x00000228d00f4000 JavaThread "Execution worker for ':'" [_thread_blocked, id=13876, stack(0x00000094fb300000,0x00000094fb400000)]
  0x00000228d00f5800 JavaThread "Execution worker for ':' Thread 2" [_thread_blocked, id=18180, stack(0x00000094fb400000,0x00000094fb500000)]
  0x00000228d00f3000 JavaThread "Execution worker for ':' Thread 3" [_thread_in_vm, id=19072, stack(0x00000094fb500000,0x00000094fb600000)]
  0x00000228d00f9800 JavaThread "Execution worker for ':' Thread 4" [_thread_blocked, id=21396, stack(0x00000094fb600000,0x00000094fb700000)]
  0x00000228d00f7800 JavaThread "Execution worker for ':' Thread 5" [_thread_blocked, id=19780, stack(0x00000094fb700000,0x00000094fb800000)]
  0x00000228d00f6800 JavaThread "Execution worker for ':' Thread 6" [_thread_blocked, id=17208, stack(0x00000094fb800000,0x00000094fb900000)]
  0x00000228d6d98000 JavaThread "Execution worker for ':' Thread 7" [_thread_blocked, id=14268, stack(0x00000094fb900000,0x00000094fba00000)]
  0x00000228d6d93000 JavaThread "Cache worker for execution history cache (C:\Users\Matve\AndroidStudioProjects\InverseMarket\.gradle\7.4\executionHistory)" [_thread_blocked, id=24040, stack(0x00000094fba00000,0x00000094fbb00000)]
  0x00000228d6d94000 JavaThread "WorkerExecutor Queue" [_thread_blocked, id=8424, stack(0x00000094fbb00000,0x00000094fbc00000)]
  0x00000228c7991000 JavaThread "C2 CompilerThread1" daemon [_thread_in_native, id=18928, stack(0x00000094f5c00000,0x00000094f5d00000)]
  0x00000228c798d800 JavaThread "C2 CompilerThread2" daemon [_thread_in_native, id=2784, stack(0x00000094f5e00000,0x00000094f5f00000)]
  0x00000228d6d94800 JavaThread "WorkerExecutor Queue Thread 2" [_thread_blocked, id=6884, stack(0x00000094fbc00000,0x00000094fbd00000)]
  0x00000228d6d96800 JavaThread "WorkerExecutor Queue Thread 3" [_thread_blocked, id=11780, stack(0x00000094fbd00000,0x00000094fbe00000)]
  0x00000228d6d97000 JavaThread "WorkerExecutor Queue Thread 4" [_thread_blocked, id=17220, stack(0x00000094fbe00000,0x00000094fbf00000)]
  0x00000228d6d92000 JavaThread "WorkerExecutor Queue Thread 5" [_thread_blocked, id=17968, stack(0x00000094fbf00000,0x00000094fc000000)]
  0x00000228d6d9d800 JavaThread "WorkerExecutor Queue Thread 6" [_thread_in_vm, id=16688, stack(0x00000094fc000000,0x00000094fc100000)]
  0x00000228d6d99800 JavaThread "WorkerExecutor Queue Thread 7" [_thread_blocked, id=21012, stack(0x00000094fc100000,0x00000094fc200000)]
  0x00000228d6d9a800 JavaThread "WorkerExecutor Queue Thread 8" [_thread_blocked, id=11024, stack(0x00000094fc200000,0x00000094fc300000)]

Other Threads:
  0x00000228c71eb800 VMThread "VM Thread" [stack: 0x00000094f2c00000,0x00000094f2d00000] [id=22784]
  0x00000228c73ff000 WatcherThread [stack: 0x00000094f3600000,0x00000094f3700000] [id=24496]
  0x00000228aa553000 GCTaskThread "GC Thread#0" [stack: 0x00000094f2700000,0x00000094f2800000] [id=18944]
  0x00000228c7b6b800 GCTaskThread "GC Thread#1" [stack: 0x00000094f3800000,0x00000094f3900000] [id=10484]
  0x00000228c80fc000 GCTaskThread "GC Thread#2" [stack: 0x00000094f3900000,0x00000094f3a00000] [id=5568]
  0x00000228c7874800 GCTaskThread "GC Thread#3" [stack: 0x00000094f3a00000,0x00000094f3b00000] [id=18736]
  0x00000228c7ede800 GCTaskThread "GC Thread#4" [stack: 0x00000094f3b00000,0x00000094f3c00000] [id=21948]
  0x00000228c829a000 GCTaskThread "GC Thread#5" [stack: 0x00000094f3c00000,0x00000094f3d00000] [id=16984]
  0x00000228c87be800 GCTaskThread "GC Thread#6" [stack: 0x00000094f4800000,0x00000094f4900000] [id=18996]
  0x00000228c99c6000 GCTaskThread "GC Thread#7" [stack: 0x00000094f4900000,0x00000094f4a00000] [id=14348]
  0x00000228aa586000 ConcurrentGCThread "G1 Main Marker" [stack: 0x00000094f2800000,0x00000094f2900000] [id=7112]
  0x00000228aa587800 ConcurrentGCThread "G1 Conc#0" [stack: 0x00000094f2900000,0x00000094f2a00000] [id=22980]
  0x00000228c93e4800 ConcurrentGCThread "G1 Conc#1" [stack: 0x00000094f4a00000,0x00000094f4b00000] [id=12728]
  0x00000228c683a800 ConcurrentGCThread "G1 Refine#0" [stack: 0x00000094f2a00000,0x00000094f2b00000] [id=17212]
  0x00000228c72fe800 ConcurrentGCThread "G1 Refine#1" [stack: 0x00000094f4500000,0x00000094f4600000] [id=9956]
  0x00000228c72fb800 ConcurrentGCThread "G1 Refine#2" [stack: 0x00000094f4c00000,0x00000094f4d00000] [id=14140]
  0x00000228c7300800 ConcurrentGCThread "G1 Refine#3" [stack: 0x00000094f4d00000,0x00000094f4e00000] [id=22016]
  0x00000228aa61d800 ConcurrentGCThread "G1 Young RemSet Sampling" [stack: 0x00000094f2b00000,0x00000094f2c00000] [id=20100]

Threads with active compile tasks:
C2 CompilerThread03962844 19350       4       com.google.common.collect.LinkedListMultimap$DistinctKeyIterator::next (81 bytes)
C1 CompilerThread03962844 19594       3       org.apache.xerces.dom.ParentNode::nodeListGetLength (141 bytes)
C2 CompilerThread13962844 19349       4       com.google.common.collect.TransformedIterator::next (14 bytes)
C2 CompilerThread23962844 19440 % !   4       com.android.ide.common.resources.DataMerger::mergeData @ 247 (611 bytes)

VM state:not at safepoint (normal execution)

VM Mutex/Monitor currently owned by a thread:  ([mutex/lock_event])
[0x00000228aa535500] CodeCache_lock - owner thread: 0x0000000000000000

Heap address: 0x0000000080000000, size: 2048 MB, Compressed Oops mode: 32-bit
Narrow klass base: 0x0000000000000000, Narrow klass shift: 3
Compressed class space size: 1073741824 Address: 0x0000000100000000

Heap:
 garbage-first heap   total 262144K, used 191488K [0x0000000080000000, 0x0000000100000000)
  region size 1024K, 11 young (11264K), 7 survivors (7168K)
 Metaspace       used 119251K, capacity 122801K, committed 122868K, reserved 1157120K
  class space    used 14750K, capacity 15960K, committed 16000K, reserved 1048576K
Heap Regions: E=young(eden), S=young(survivor), O=old, HS=humongous(starts), HC=humongous(continues), CS=collection set, F=free, A=archive, TAMS=top-at-mark-start (previous, next)
|   0|0x0000000080000000, 0x0000000080100000, 0x0000000080100000|100%|HS|  |TAMS 0x0000000080100000, 0x0000000080000000| Complete 
|   1|0x0000000080100000, 0x0000000080200000, 0x0000000080200000|100%|HC|  |TAMS 0x0000000080200000, 0x0000000080100000| Complete 
|   2|0x0000000080200000, 0x0000000080300000, 0x0000000080300000|100%|HS|  |TAMS 0x0000000080300000, 0x0000000080200000| Complete 
|   3|0x0000000080300000, 0x0000000080400000, 0x0000000080400000|100%|HS|  |TAMS 0x0000000080400000, 0x0000000080300000| Complete 
|   4|0x0000000080400000, 0x0000000080500000, 0x0000000080500000|100%|HC|  |TAMS 0x0000000080500000, 0x0000000080400000| Complete 
|   5|0x0000000080500000, 0x0000000080600000, 0x0000000080600000|100%|HC|  |TAMS 0x0000000080600000, 0x0000000080500000| Complete 
|   6|0x0000000080600000, 0x0000000080700000, 0x0000000080700000|100%| O|  |TAMS 0x0000000080700000, 0x0000000080600000| Untracked 
|   7|0x0000000080700000, 0x0000000080800000, 0x0000000080800000|100%| O|  |TAMS 0x0000000080800000, 0x0000000080700000| Untracked 
|   8|0x0000000080800000, 0x0000000080900000, 0x0000000080900000|100%| O|  |TAMS 0x0000000080900000, 0x0000000080800000| Untracked 
|   9|0x0000000080900000, 0x0000000080a00000, 0x0000000080a00000|100%| O|  |TAMS 0x0000000080a00000, 0x0000000080900000| Untracked 
|  10|0x0000000080a00000, 0x0000000080b00000, 0x0000000080b00000|100%|HS|  |TAMS 0x0000000080b00000, 0x0000000080a00000| Complete 
|  11|0x0000000080b00000, 0x0000000080c00000, 0x0000000080c00000|100%|HC|  |TAMS 0x0000000080c00000, 0x0000000080b00000| Complete 
|  12|0x0000000080c00000, 0x0000000080d00000, 0x0000000080d00000|100%|HC|  |TAMS 0x0000000080d00000, 0x0000000080c00000| Complete 
|  13|0x0000000080d00000, 0x0000000080e00000, 0x0000000080e00000|100%|HS|  |TAMS 0x0000000080e00000, 0x0000000080d00000| Complete 
|  14|0x0000000080e00000, 0x0000000080f00000, 0x0000000080f00000|100%|HC|  |TAMS 0x0000000080f00000, 0x0000000080e00000| Complete 
|  15|0x0000000080f00000, 0x0000000081000000, 0x0000000081000000|100%|HC|  |TAMS 0x0000000081000000, 0x0000000080f00000| Complete 
|  16|0x0000000081000000, 0x0000000081100000, 0x0000000081100000|100%|HS|  |TAMS 0x0000000081100000, 0x0000000081000000| Complete 
|  17|0x0000000081100000, 0x0000000081200000, 0x0000000081200000|100%|HC|  |TAMS 0x0000000081200000, 0x0000000081100000| Complete 
|  18|0x0000000081200000, 0x0000000081300000, 0x0000000081300000|100%|HC|  |TAMS 0x0000000081300000, 0x0000000081200000| Complete 
|  19|0x0000000081300000, 0x0000000081400000, 0x0000000081400000|100%|HC|  |TAMS 0x0000000081400000, 0x0000000081300000| Complete 
|  20|0x0000000081400000, 0x0000000081500000, 0x0000000081500000|100%|HS|  |TAMS 0x0000000081500000, 0x0000000081400000| Complete 
|  21|0x0000000081500000, 0x0000000081600000, 0x0000000081600000|100%|HC|  |TAMS 0x0000000081600000, 0x0000000081500000| Complete 
|  22|0x0000000081600000, 0x0000000081700000, 0x0000000081700000|100%|HC|  |TAMS 0x0000000081700000, 0x0000000081600000| Complete 
|  23|0x0000000081700000, 0x0000000081800000, 0x0000000081800000|100%|HC|  |TAMS 0x0000000081800000, 0x0000000081700000| Complete 
|  24|0x0000000081800000, 0x0000000081900000, 0x0000000081900000|100%|HC|  |TAMS 0x0000000081900000, 0x0000000081800000| Complete 
|  25|0x0000000081900000, 0x0000000081a00000, 0x0000000081a00000|100%| O|  |TAMS 0x0000000081a00000, 0x0000000081900000| Untracked 
|  26|0x0000000081a00000, 0x0000000081b00000, 0x0000000081b00000|100%| O|  |TAMS 0x0000000081b00000, 0x0000000081a00000| Untracked 
|  27|0x0000000081b00000, 0x0000000081c00000, 0x0000000081c00000|100%| O|  |TAMS 0x0000000081c00000, 0x0000000081b00000| Untracked 
|  28|0x0000000081c00000, 0x0000000081d00000, 0x0000000081d00000|100%| O|  |TAMS 0x0000000081d00000, 0x0000000081c00000| Untracked 
|  29|0x0000000081d00000, 0x0000000081e00000, 0x0000000081e00000|100%| O|  |TAMS 0x0000000081e00000, 0x0000000081d00000| Untracked 
|  30|0x0000000081e00000, 0x0000000081f00000, 0x0000000081f00000|100%| O|  |TAMS 0x0000000081f00000, 0x0000000081e00000| Untracked 
|  31|0x0000000081f00000, 0x0000000082000000, 0x0000000082000000|100%| O|  |TAMS 0x0000000082000000, 0x0000000081f00000| Untracked 
|  32|0x0000000082000000, 0x0000000082100000, 0x0000000082100000|100%| O|  |TAMS 0x0000000082100000, 0x0000000082000000| Complete 
|  33|0x0000000082100000, 0x0000000082200000, 0x0000000082200000|100%| O|  |TAMS 0x0000000082200000, 0x0000000082100000| Untracked 
|  34|0x0000000082200000, 0x0000000082300000, 0x0000000082300000|100%| O|  |TAMS 0x0000000082300000, 0x0000000082200000| Complete 
|  35|0x0000000082300000, 0x0000000082400000, 0x0000000082400000|100%| O|  |TAMS 0x0000000082400000, 0x0000000082300000| Complete 
|  36|0x0000000082400000, 0x0000000082500000, 0x0000000082500000|100%| O|  |TAMS 0x0000000082500000, 0x0000000082400000| Untracked 
|  37|0x0000000082500000, 0x0000000082600000, 0x0000000082600000|100%| O|  |TAMS 0x0000000082600000, 0x0000000082500000| Untracked 
|  38|0x0000000082600000, 0x0000000082700000, 0x0000000082700000|100%|HS|  |TAMS 0x0000000082700000, 0x0000000082600000| Complete 
|  39|0x0000000082700000, 0x0000000082800000, 0x0000000082800000|100%|HC|  |TAMS 0x0000000082800000, 0x0000000082700000| Complete 
|  40|0x0000000082800000, 0x0000000082900000, 0x0000000082900000|100%|HC|  |TAMS 0x0000000082900000, 0x0000000082800000| Complete 
|  41|0x0000000082900000, 0x0000000082a00000, 0x0000000082a00000|100%|HS|  |TAMS 0x0000000082a00000, 0x0000000082900000| Complete 
|  42|0x0000000082a00000, 0x0000000082b00000, 0x0000000082b00000|100%|HC|  |TAMS 0x0000000082b00000, 0x0000000082a00000| Complete 
|  43|0x0000000082b00000, 0x0000000082c00000, 0x0000000082c00000|100%|HC|  |TAMS 0x0000000082c00000, 0x0000000082b00000| Complete 
|  44|0x0000000082c00000, 0x0000000082d00000, 0x0000000082d00000|100%|HC|  |TAMS 0x0000000082d00000, 0x0000000082c00000| Complete 
|  45|0x0000000082d00000, 0x0000000082e00000, 0x0000000082e00000|100%|HS|  |TAMS 0x0000000082e00000, 0x0000000082d00000| Complete 
|  46|0x0000000082e00000, 0x0000000082f00000, 0x0000000082f00000|100%|HC|  |TAMS 0x0000000082f00000, 0x0000000082e00000| Complete 
|  47|0x0000000082f00000, 0x0000000083000000, 0x0000000083000000|100%|HS|  |TAMS 0x0000000083000000, 0x0000000082f00000| Complete 
|  48|0x0000000083000000, 0x0000000083100000, 0x0000000083100000|100%|HC|  |TAMS 0x0000000083100000, 0x0000000083000000| Complete 
|  49|0x0000000083100000, 0x0000000083200000, 0x0000000083200000|100%|HC|  |TAMS 0x0000000083200000, 0x0000000083100000| Complete 
|  50|0x0000000083200000, 0x0000000083300000, 0x0000000083300000|100%| O|  |TAMS 0x0000000083300000, 0x0000000083200000| Untracked 
|  51|0x0000000083300000, 0x0000000083400000, 0x0000000083400000|100%| O|  |TAMS 0x0000000083400000, 0x0000000083300000| Complete 
|  52|0x0000000083400000, 0x0000000083500000, 0x0000000083500000|100%| O|  |TAMS 0x0000000083500000, 0x0000000083400000| Untracked 
|  53|0x0000000083500000, 0x0000000083600000, 0x0000000083600000|100%| O|  |TAMS 0x0000000083600000, 0x0000000083500000| Complete 
|  54|0x0000000083600000, 0x0000000083700000, 0x0000000083700000|100%| O|  |TAMS 0x0000000083700000, 0x0000000083600000| Untracked 
|  55|0x0000000083700000, 0x0000000083800000, 0x0000000083800000|100%| O|  |TAMS 0x0000000083800000, 0x0000000083700000| Untracked 
|  56|0x0000000083800000, 0x0000000083900000, 0x0000000083900000|100%| O|  |TAMS 0x0000000083900000, 0x0000000083800000| Complete 
|  57|0x0000000083900000, 0x0000000083a00000, 0x0000000083a00000|100%| O|  |TAMS 0x0000000083a00000, 0x0000000083900000| Complete 
|  58|0x0000000083a00000, 0x0000000083b00000, 0x0000000083b00000|100%|HS|  |TAMS 0x0000000083b00000, 0x0000000083a00000| Complete 
|  59|0x0000000083b00000, 0x0000000083c00000, 0x0000000083c00000|100%|HC|  |TAMS 0x0000000083c00000, 0x0000000083b00000| Complete 
|  60|0x0000000083c00000, 0x0000000083d00000, 0x0000000083d00000|100%|HC|  |TAMS 0x0000000083d00000, 0x0000000083c00000| Complete 
|  61|0x0000000083d00000, 0x0000000083e00000, 0x0000000083e00000|100%|HC|  |TAMS 0x0000000083e00000, 0x0000000083d00000| Complete 
|  62|0x0000000083e00000, 0x0000000083f00000, 0x0000000083f00000|100%|HC|  |TAMS 0x0000000083f00000, 0x0000000083e00000| Complete 
|  63|0x0000000083f00000, 0x0000000084000000, 0x0000000084000000|100%| O|  |TAMS 0x0000000084000000, 0x0000000083f00000| Complete 
|  64|0x0000000084000000, 0x0000000084100000, 0x0000000084100000|100%| O|  |TAMS 0x0000000084100000, 0x0000000084000000| Complete 
|  65|0x0000000084100000, 0x0000000084200000, 0x0000000084200000|100%| O|  |TAMS 0x0000000084200000, 0x0000000084100000| Complete 
|  66|0x0000000084200000, 0x0000000084300000, 0x0000000084300000|100%| O|  |TAMS 0x0000000084300000, 0x0000000084200000| Complete 
|  67|0x0000000084300000, 0x0000000084400000, 0x0000000084400000|100%| O|  |TAMS 0x0000000084400000, 0x0000000084300000| Untracked 
|  68|0x0000000084400000, 0x0000000084500000, 0x0000000084500000|100%| O|  |TAMS 0x0000000084500000, 0x0000000084400000| Untracked 
|  69|0x0000000084500000, 0x0000000084600000, 0x0000000084600000|100%| O|  |TAMS 0x0000000084600000, 0x0000000084500000| Untracked 
|  70|0x0000000084600000, 0x0000000084700000, 0x0000000084700000|100%| O|  |TAMS 0x0000000084700000, 0x0000000084600000| Complete 
|  71|0x0000000084700000, 0x0000000084800000, 0x0000000084800000|100%|HS|  |TAMS 0x0000000084800000, 0x0000000084700000| Complete 
|  72|0x0000000084800000, 0x0000000084900000, 0x0000000084900000|100%|HS|  |TAMS 0x0000000084900000, 0x0000000084800000| Complete 
|  73|0x0000000084900000, 0x0000000084a00000, 0x0000000084a00000|100%| O|  |TAMS 0x0000000084a00000, 0x0000000084900000| Complete 
|  74|0x0000000084a00000, 0x0000000084b00000, 0x0000000084b00000|100%| O|  |TAMS 0x0000000084b00000, 0x0000000084a00000| Untracked 
|  75|0x0000000084b00000, 0x0000000084c00000, 0x0000000084c00000|100%| O|  |TAMS 0x0000000084c00000, 0x0000000084b00000| Complete 
|  76|0x0000000084c00000, 0x0000000084d00000, 0x0000000084d00000|100%| O|  |TAMS 0x0000000084d00000, 0x0000000084c00000| Untracked 
|  77|0x0000000084d00000, 0x0000000084e00000, 0x0000000084e00000|100%| O|  |TAMS 0x0000000084e00000, 0x0000000084d00000| Complete 
|  78|0x0000000084e00000, 0x0000000084f00000, 0x0000000084f00000|100%| O|  |TAMS 0x0000000084f00000, 0x0000000084e00000| Complete 
|  79|0x0000000084f00000, 0x0000000085000000, 0x0000000085000000|100%| O|  |TAMS 0x0000000085000000, 0x0000000084f00000| Complete 
|  80|0x0000000085000000, 0x0000000085100000, 0x0000000085100000|100%| O|  |TAMS 0x0000000085100000, 0x0000000085000000| Untracked 
|  81|0x0000000085100000, 0x0000000085200000, 0x0000000085200000|100%|HS|  |TAMS 0x0000000085200000, 0x0000000085100000| Complete 
|  82|0x0000000085200000, 0x0000000085300000, 0x0000000085300000|100%|HS|  |TAMS 0x0000000085300000, 0x0000000085200000| Complete 
|  83|0x0000000085300000, 0x0000000085400000, 0x0000000085400000|100%|HC|  |TAMS 0x0000000085400000, 0x0000000085300000| Complete 
|  84|0x0000000085400000, 0x0000000085500000, 0x0000000085500000|100%| O|  |TAMS 0x0000000085500000, 0x0000000085400000| Complete 
|  85|0x0000000085500000, 0x0000000085600000, 0x0000000085600000|100%| O|  |TAMS 0x0000000085600000, 0x0000000085500000| Complete 
|  86|0x0000000085600000, 0x0000000085700000, 0x0000000085700000|100%| O|  |TAMS 0x0000000085700000, 0x0000000085600000| Untracked 
|  87|0x0000000085700000, 0x0000000085800000, 0x0000000085800000|100%| O|  |TAMS 0x0000000085800000, 0x0000000085700000| Complete 
|  88|0x0000000085800000, 0x0000000085900000, 0x0000000085900000|100%| O|  |TAMS 0x0000000085900000, 0x0000000085800000| Complete 
|  89|0x0000000085900000, 0x0000000085a00000, 0x0000000085a00000|100%| O|  |TAMS 0x0000000085a00000, 0x0000000085900000| Untracked 
|  90|0x0000000085a00000, 0x0000000085b00000, 0x0000000085b00000|100%| O|  |TAMS 0x0000000085b00000, 0x0000000085a00000| Untracked 
|  91|0x0000000085b00000, 0x0000000085c00000, 0x0000000085c00000|100%| O|  |TAMS 0x0000000085c00000, 0x0000000085b00000| Untracked 
|  92|0x0000000085c00000, 0x0000000085c00000, 0x0000000085d00000|  0%| F|  |TAMS 0x0000000085c00000, 0x0000000085c00000| Untracked 
|  93|0x0000000085d00000, 0x0000000085d00000, 0x0000000085e00000|  0%| F|  |TAMS 0x0000000085d00000, 0x0000000085d00000| Untracked 
|  94|0x0000000085e00000, 0x0000000085f00000, 0x0000000085f00000|100%| O|  |TAMS 0x0000000085f00000, 0x0000000085e00000| Untracked 
|  95|0x0000000085f00000, 0x0000000086000000, 0x0000000086000000|100%| O|  |TAMS 0x0000000086000000, 0x0000000085f00000| Complete 
|  96|0x0000000086000000, 0x0000000086100000, 0x0000000086100000|100%| O|  |TAMS 0x0000000086100000, 0x0000000086000000| Untracked 
|  97|0x0000000086100000, 0x0000000086200000, 0x0000000086200000|100%| O|  |TAMS 0x0000000086200000, 0x0000000086100000| Untracked 
|  98|0x0000000086200000, 0x0000000086300000, 0x0000000086300000|100%|HS|  |TAMS 0x0000000086300000, 0x0000000086200000| Complete 
|  99|0x0000000086300000, 0x0000000086400000, 0x0000000086400000|100%|HC|  |TAMS 0x0000000086400000, 0x0000000086300000| Complete 
| 100|0x0000000086400000, 0x0000000086500000, 0x0000000086500000|100%|HS|  |TAMS 0x0000000086500000, 0x0000000086400000| Complete 
| 101|0x0000000086500000, 0x0000000086600000, 0x0000000086600000|100%|HC|  |TAMS 0x0000000086600000, 0x0000000086500000| Complete 
| 102|0x0000000086600000, 0x0000000086700000, 0x0000000086700000|100%|HC|  |TAMS 0x0000000086700000, 0x0000000086600000| Complete 
| 103|0x0000000086700000, 0x0000000086800000, 0x0000000086800000|100%|HS|  |TAMS 0x0000000086800000, 0x0000000086700000| Complete 
| 104|0x0000000086800000, 0x0000000086900000, 0x0000000086900000|100%|HC|  |TAMS 0x0000000086900000, 0x0000000086800000| Complete 
| 105|0x0000000086900000, 0x0000000086a00000, 0x0000000086a00000|100%|HC|  |TAMS 0x0000000086a00000, 0x0000000086900000| Complete 
| 106|0x0000000086a00000, 0x0000000086b00000, 0x0000000086b00000|100%|HS|  |TAMS 0x0000000086b00000, 0x0000000086a00000| Complete 
| 107|0x0000000086b00000, 0x0000000086c00000, 0x0000000086c00000|100%|HC|  |TAMS 0x0000000086c00000, 0x0000000086b00000| Complete 
| 108|0x0000000086c00000, 0x0000000086d00000, 0x0000000086d00000|100%|HC|  |TAMS 0x0000000086d00000, 0x0000000086c00000| Complete 
| 109|0x0000000086d00000, 0x0000000086e00000, 0x0000000086e00000|100%|HC|  |TAMS 0x0000000086e00000, 0x0000000086d00000| Complete 
| 110|0x0000000086e00000, 0x0000000086f00000, 0x0000000086f00000|100%|HS|  |TAMS 0x0000000086f00000, 0x0000000086e00000| Complete 
| 111|0x0000000086f00000, 0x0000000087000000, 0x0000000087000000|100%|HC|  |TAMS 0x0000000087000000, 0x0000000086f00000| Complete 
| 112|0x0000000087000000, 0x0000000087100000, 0x0000000087100000|100%|HC|  |TAMS 0x0000000087100000, 0x0000000087000000| Complete 
| 113|0x0000000087100000, 0x0000000087200000, 0x0000000087200000|100%|HC|  |TAMS 0x0000000087200000, 0x0000000087100000| Complete 
| 114|0x0000000087200000, 0x0000000087300000, 0x0000000087300000|100%|HC|  |TAMS 0x0000000087300000, 0x0000000087200000| Complete 
| 115|0x0000000087300000, 0x0000000087400000, 0x0000000087400000|100%| O|  |TAMS 0x0000000087400000, 0x0000000087300000| Complete 
| 116|0x0000000087400000, 0x0000000087500000, 0x0000000087500000|100%| O|  |TAMS 0x0000000087500000, 0x0000000087400000| Complete 
| 117|0x0000000087500000, 0x0000000087500000, 0x0000000087600000|  0%| F|  |TAMS 0x0000000087500000, 0x0000000087500000| Untracked 
| 118|0x0000000087600000, 0x0000000087700000, 0x0000000087700000|100%| O|  |TAMS 0x0000000087700000, 0x0000000087600000| Untracked 
| 119|0x0000000087700000, 0x0000000087800000, 0x0000000087800000|100%| O|  |TAMS 0x0000000087800000, 0x0000000087700000| Untracked 
| 120|0x0000000087800000, 0x0000000087900000, 0x0000000087900000|100%| O|  |TAMS 0x0000000087900000, 0x0000000087800000| Complete 
| 121|0x0000000087900000, 0x0000000087a00000, 0x0000000087a00000|100%| O|  |TAMS 0x0000000087a00000, 0x0000000087900000| Complete 
| 122|0x0000000087a00000, 0x0000000087b00000, 0x0000000087b00000|100%| O|  |TAMS 0x0000000087b00000, 0x0000000087a00000| Untracked 
| 123|0x0000000087b00000, 0x0000000087c00000, 0x0000000087c00000|100%| O|  |TAMS 0x0000000087c00000, 0x0000000087b00000| Complete 
| 124|0x0000000087c00000, 0x0000000087d00000, 0x0000000087d00000|100%| O|  |TAMS 0x0000000087d00000, 0x0000000087c00000| Complete 
| 125|0x0000000087d00000, 0x0000000087e00000, 0x0000000087e00000|100%| O|  |TAMS 0x0000000087d00000, 0x0000000087d00000| Untracked 
| 126|0x0000000087e00000, 0x0000000087f00000, 0x0000000087f00000|100%| O|  |TAMS 0x0000000087f00000, 0x0000000087e00000| Complete 
| 127|0x0000000087f00000, 0x0000000088000000, 0x0000000088000000|100%| O|  |TAMS 0x0000000088000000, 0x0000000087f00000| Complete 
| 128|0x0000000088000000, 0x0000000088100000, 0x0000000088100000|100%| O|  |TAMS 0x0000000088100000, 0x0000000088000000| Untracked 
| 129|0x0000000088100000, 0x0000000088200000, 0x0000000088200000|100%| O|  |TAMS 0x0000000088200000, 0x0000000088100000| Complete 
| 130|0x0000000088200000, 0x0000000088300000, 0x0000000088300000|100%| O|  |TAMS 0x0000000088300000, 0x0000000088200000| Complete 
| 131|0x0000000088300000, 0x0000000088400000, 0x0000000088400000|100%| O|  |TAMS 0x0000000088400000, 0x0000000088300000| Complete 
| 132|0x0000000088400000, 0x0000000088500000, 0x0000000088500000|100%| O|  |TAMS 0x0000000088500000, 0x0000000088400000| Untracked 
| 133|0x0000000088500000, 0x0000000088600000, 0x0000000088600000|100%| O|  |TAMS 0x0000000088600000, 0x0000000088500000| Complete 
| 134|0x0000000088600000, 0x0000000088700000, 0x0000000088700000|100%| O|  |TAMS 0x0000000088700000, 0x0000000088600000| Complete 
| 135|0x0000000088700000, 0x0000000088800000, 0x0000000088800000|100%| O|  |TAMS 0x0000000088800000, 0x0000000088700000| Complete 
| 136|0x0000000088800000, 0x0000000088900000, 0x0000000088900000|100%| O|  |TAMS 0x0000000088900000, 0x0000000088800000| Complete 
| 137|0x0000000088900000, 0x0000000088a00000, 0x0000000088a00000|100%| O|  |TAMS 0x0000000088a00000, 0x0000000088900000| Untracked 
| 138|0x0000000088a00000, 0x0000000088b00000, 0x0000000088b00000|100%| O|  |TAMS 0x0000000088b00000, 0x0000000088a00000| Untracked 
| 139|0x0000000088b00000, 0x0000000088c00000, 0x0000000088c00000|100%| O|  |TAMS 0x0000000088c00000, 0x0000000088b00000| Complete 
| 140|0x0000000088c00000, 0x0000000088d00000, 0x0000000088d00000|100%| O|  |TAMS 0x0000000088d00000, 0x0000000088c00000| Complete 
| 141|0x0000000088d00000, 0x0000000088e00000, 0x0000000088e00000|100%| O|  |TAMS 0x0000000088e00000, 0x0000000088d00000| Untracked 
| 142|0x0000000088e00000, 0x0000000088f00000, 0x0000000088f00000|100%| O|  |TAMS 0x0000000088e00000, 0x0000000088e00000| Untracked 
| 143|0x0000000088f00000, 0x0000000089000000, 0x0000000089000000|100%| O|  |TAMS 0x0000000089000000, 0x0000000088f00000| Complete 
| 144|0x0000000089000000, 0x0000000089100000, 0x0000000089100000|100%| O|  |TAMS 0x0000000089100000, 0x0000000089000000| Untracked 
| 145|0x0000000089100000, 0x0000000089200000, 0x0000000089200000|100%| O|  |TAMS 0x0000000089200000, 0x0000000089100000| Complete 
| 146|0x0000000089200000, 0x0000000089300000, 0x0000000089300000|100%| O|  |TAMS 0x0000000089300000, 0x0000000089200000| Complete 
| 147|0x0000000089300000, 0x0000000089400000, 0x0000000089400000|100%| O|  |TAMS 0x0000000089400000, 0x0000000089300000| Untracked 
| 148|0x0000000089400000, 0x0000000089500000, 0x0000000089500000|100%| O|  |TAMS 0x0000000089500000, 0x0000000089400000| Complete 
| 149|0x0000000089500000, 0x0000000089600000, 0x0000000089600000|100%| O|  |TAMS 0x0000000089600000, 0x0000000089500000| Untracked 
| 150|0x0000000089600000, 0x0000000089700000, 0x0000000089700000|100%| O|  |TAMS 0x0000000089700000, 0x0000000089600000| Untracked 
| 151|0x0000000089700000, 0x0000000089800000, 0x0000000089800000|100%| O|  |TAMS 0x0000000089800000, 0x0000000089700000| Untracked 
| 152|0x0000000089800000, 0x0000000089800000, 0x0000000089900000|  0%| F|  |TAMS 0x0000000089800000, 0x0000000089800000| Untracked 
| 153|0x0000000089900000, 0x0000000089900000, 0x0000000089a00000|  0%| F|  |TAMS 0x0000000089900000, 0x0000000089900000| Untracked 
| 154|0x0000000089a00000, 0x0000000089b00000, 0x0000000089b00000|100%| O|  |TAMS 0x0000000089b00000, 0x0000000089a00000| Complete 
| 155|0x0000000089b00000, 0x0000000089c00000, 0x0000000089c00000|100%| O|  |TAMS 0x0000000089b00000, 0x0000000089b00000| Untracked 
| 156|0x0000000089c00000, 0x0000000089d00000, 0x0000000089d00000|100%| O|  |TAMS 0x0000000089d00000, 0x0000000089c00000| Untracked 
| 157|0x0000000089d00000, 0x0000000089e00000, 0x0000000089e00000|100%| O|  |TAMS 0x0000000089e00000, 0x0000000089d00000| Complete 
| 158|0x0000000089e00000, 0x0000000089f00000, 0x0000000089f00000|100%| O|  |TAMS 0x0000000089f00000, 0x0000000089e00000| Untracked 
| 159|0x0000000089f00000, 0x000000008a000000, 0x000000008a000000|100%| O|  |TAMS 0x000000008a000000, 0x0000000089f00000| Untracked 
| 160|0x000000008a000000, 0x000000008a100000, 0x000000008a100000|100%| O|  |TAMS 0x000000008a100000, 0x000000008a000000| Untracked 
| 161|0x000000008a100000, 0x000000008a200000, 0x000000008a200000|100%| O|  |TAMS 0x000000008a200000, 0x000000008a100000| Complete 
| 162|0x000000008a200000, 0x000000008a300000, 0x000000008a300000|100%| O|  |TAMS 0x000000008a300000, 0x000000008a200000| Complete 
| 163|0x000000008a300000, 0x000000008a400000, 0x000000008a400000|100%| O|  |TAMS 0x000000008a400000, 0x000000008a300000| Complete 
| 164|0x000000008a400000, 0x000000008a500000, 0x000000008a500000|100%| O|  |TAMS 0x000000008a500000, 0x000000008a400000| Complete 
| 165|0x000000008a500000, 0x000000008a600000, 0x000000008a600000|100%| O|  |TAMS 0x000000008a600000, 0x000000008a500000| Complete 
| 166|0x000000008a600000, 0x000000008a700000, 0x000000008a700000|100%| O|  |TAMS 0x000000008a600000, 0x000000008a600000| Untracked 
| 167|0x000000008a700000, 0x000000008a800000, 0x000000008a800000|100%| O|  |TAMS 0x000000008a800000, 0x000000008a700000| Complete 
| 168|0x000000008a800000, 0x000000008a900000, 0x000000008a900000|100%| O|  |TAMS 0x000000008a900000, 0x000000008a800000| Untracked 
| 169|0x000000008a900000, 0x000000008aa00000, 0x000000008aa00000|100%| O|  |TAMS 0x000000008aa00000, 0x000000008a900000| Complete 
| 170|0x000000008aa00000, 0x000000008aa00000, 0x000000008ab00000|  0%| F|  |TAMS 0x000000008aa00000, 0x000000008aa00000| Untracked 
| 171|0x000000008ab00000, 0x000000008ab00000, 0x000000008ac00000|  0%| F|  |TAMS 0x000000008ab00000, 0x000000008ab00000| Untracked 
| 172|0x000000008ac00000, 0x000000008ad00000, 0x000000008ad00000|100%|HS|  |TAMS 0x000000008ac00000, 0x000000008ac00000| Complete 
| 173|0x000000008ad00000, 0x000000008ae00000, 0x000000008ae00000|100%|HC|  |TAMS 0x000000008ad00000, 0x000000008ad00000| Complete 
| 174|0x000000008ae00000, 0x000000008af00000, 0x000000008af00000|100%| O|  |TAMS 0x000000008ae00000, 0x000000008ae00000| Untracked 
| 175|0x000000008af00000, 0x000000008b000000, 0x000000008b000000|100%| O|  |TAMS 0x000000008af00000, 0x000000008af00000| Untracked 
| 176|0x000000008b000000, 0x000000008b100000, 0x000000008b100000|100%| O|  |TAMS 0x000000008b000000, 0x000000008b000000| Untracked 
| 177|0x000000008b100000, 0x000000008b200000, 0x000000008b200000|100%| O|  |TAMS 0x000000008b100000, 0x000000008b100000| Untracked 
| 178|0x000000008b200000, 0x000000008b300000, 0x000000008b300000|100%| O|  |TAMS 0x000000008b200000, 0x000000008b200000| Untracked 
| 179|0x000000008b300000, 0x000000008b400000, 0x000000008b400000|100%| O|  |TAMS 0x000000008b300000, 0x000000008b300000| Untracked 
| 180|0x000000008b400000, 0x000000008b500000, 0x000000008b500000|100%| O|  |TAMS 0x000000008b400000, 0x000000008b400000| Untracked 
| 181|0x000000008b500000, 0x000000008b600000, 0x000000008b600000|100%| O|  |TAMS 0x000000008b500000, 0x000000008b500000| Untracked 
| 182|0x000000008b600000, 0x000000008b700000, 0x000000008b700000|100%| O|  |TAMS 0x000000008b600000, 0x000000008b600000| Untracked 
| 183|0x000000008b700000, 0x000000008b800000, 0x000000008b800000|100%| O|  |TAMS 0x000000008b700000, 0x000000008b700000| Untracked 
| 184|0x000000008b800000, 0x000000008b900000, 0x000000008b900000|100%| O|  |TAMS 0x000000008b800000, 0x000000008b800000| Untracked 
| 185|0x000000008b900000, 0x000000008b900000, 0x000000008ba00000|  0%| F|  |TAMS 0x000000008b900000, 0x000000008b900000| Untracked 
| 186|0x000000008ba00000, 0x000000008ba00000, 0x000000008bb00000|  0%| F|  |TAMS 0x000000008ba00000, 0x000000008ba00000| Untracked 
| 187|0x000000008bb00000, 0x000000008bb00000, 0x000000008bc00000|  0%| F|  |TAMS 0x000000008bb00000, 0x000000008bb00000| Untracked 
| 188|0x000000008bc00000, 0x000000008bc00000, 0x000000008bd00000|  0%| F|  |TAMS 0x000000008bc00000, 0x000000008bc00000| Untracked 
| 189|0x000000008bd00000, 0x000000008bd00000, 0x000000008be00000|  0%| F|  |TAMS 0x000000008bd00000, 0x000000008bd00000| Untracked 
| 190|0x000000008be00000, 0x000000008be00000, 0x000000008bf00000|  0%| F|  |TAMS 0x000000008be00000, 0x000000008be00000| Untracked 
| 191|0x000000008bf00000, 0x000000008bf00000, 0x000000008c000000|  0%| F|  |TAMS 0x000000008bf00000, 0x000000008bf00000| Untracked 
| 192|0x000000008c000000, 0x000000008c000000, 0x000000008c100000|  0%| F|  |TAMS 0x000000008c000000, 0x000000008c000000| Untracked 
| 193|0x000000008c100000, 0x000000008c100000, 0x000000008c200000|  0%| F|  |TAMS 0x000000008c100000, 0x000000008c100000| Untracked 
| 194|0x000000008c200000, 0x000000008c200000, 0x000000008c300000|  0%| F|  |TAMS 0x000000008c200000, 0x000000008c200000| Untracked 
| 195|0x000000008c300000, 0x000000008c300000, 0x000000008c400000|  0%| F|  |TAMS 0x000000008c300000, 0x000000008c300000| Untracked 
| 196|0x000000008c400000, 0x000000008c500000, 0x000000008c500000|100%| S|CS|TAMS 0x000000008c400000, 0x000000008c400000| Complete 
| 197|0x000000008c500000, 0x000000008c600000, 0x000000008c600000|100%| S|CS|TAMS 0x000000008c500000, 0x000000008c500000| Complete 
| 198|0x000000008c600000, 0x000000008c700000, 0x000000008c700000|100%| S|CS|TAMS 0x000000008c600000, 0x000000008c600000| Complete 
| 199|0x000000008c700000, 0x000000008c800000, 0x000000008c800000|100%| S|CS|TAMS 0x000000008c700000, 0x000000008c700000| Complete 
| 200|0x000000008c800000, 0x000000008c900000, 0x000000008c900000|100%| S|CS|TAMS 0x000000008c800000, 0x000000008c800000| Complete 
| 201|0x000000008c900000, 0x000000008ca00000, 0x000000008ca00000|100%| S|CS|TAMS 0x000000008c900000, 0x000000008c900000| Complete 
| 202|0x000000008ca00000, 0x000000008cb00000, 0x000000008cb00000|100%| S|CS|TAMS 0x000000008ca00000, 0x000000008ca00000| Complete 
| 203|0x000000008cb00000, 0x000000008cb00000, 0x000000008cc00000|  0%| F|  |TAMS 0x000000008cb00000, 0x000000008cb00000| Untracked 
| 204|0x000000008cc00000, 0x000000008cc00000, 0x000000008cd00000|  0%| F|  |TAMS 0x000000008cc00000, 0x000000008cc00000| Untracked 
| 205|0x000000008cd00000, 0x000000008cd00000, 0x000000008ce00000|  0%| F|  |TAMS 0x000000008cd00000, 0x000000008cd00000| Untracked 
| 206|0x000000008ce00000, 0x000000008ce00000, 0x000000008cf00000|  0%| F|  |TAMS 0x000000008ce00000, 0x000000008ce00000| Untracked 
| 207|0x000000008cf00000, 0x000000008cf00000, 0x000000008d000000|  0%| F|  |TAMS 0x000000008cf00000, 0x000000008cf00000| Untracked 
| 208|0x000000008d000000, 0x000000008d000000, 0x000000008d100000|  0%| F|  |TAMS 0x000000008d000000, 0x000000008d000000| Untracked 
| 209|0x000000008d100000, 0x000000008d100000, 0x000000008d200000|  0%| F|  |TAMS 0x000000008d100000, 0x000000008d100000| Untracked 
| 210|0x000000008d200000, 0x000000008d200000, 0x000000008d300000|  0%| F|  |TAMS 0x000000008d200000, 0x000000008d200000| Untracked 
| 211|0x000000008d300000, 0x000000008d300000, 0x000000008d400000|  0%| F|  |TAMS 0x000000008d300000, 0x000000008d300000| Untracked 
| 212|0x000000008d400000, 0x000000008d400000, 0x000000008d500000|  0%| F|  |TAMS 0x000000008d400000, 0x000000008d400000| Untracked 
| 213|0x000000008d500000, 0x000000008d500000, 0x000000008d600000|  0%| F|  |TAMS 0x000000008d500000, 0x000000008d500000| Untracked 
| 214|0x000000008d600000, 0x000000008d600000, 0x000000008d700000|  0%| F|  |TAMS 0x000000008d600000, 0x000000008d600000| Untracked 
| 215|0x000000008d700000, 0x000000008d700000, 0x000000008d800000|  0%| F|  |TAMS 0x000000008d700000, 0x000000008d700000| Untracked 
| 216|0x000000008d800000, 0x000000008d800000, 0x000000008d900000|  0%| F|  |TAMS 0x000000008d800000, 0x000000008d800000| Untracked 
| 217|0x000000008d900000, 0x000000008d900000, 0x000000008da00000|  0%| F|  |TAMS 0x000000008d900000, 0x000000008d900000| Untracked 
| 218|0x000000008da00000, 0x000000008da00000, 0x000000008db00000|  0%| F|  |TAMS 0x000000008da00000, 0x000000008da00000| Untracked 
| 219|0x000000008db00000, 0x000000008db00000, 0x000000008dc00000|  0%| F|  |TAMS 0x000000008db00000, 0x000000008db00000| Untracked 
| 220|0x000000008dc00000, 0x000000008dc00000, 0x000000008dd00000|  0%| F|  |TAMS 0x000000008dc00000, 0x000000008dc00000| Untracked 
| 221|0x000000008dd00000, 0x000000008dd00000, 0x000000008de00000|  0%| F|  |TAMS 0x000000008dd00000, 0x000000008dd00000| Untracked 
| 222|0x000000008de00000, 0x000000008de00000, 0x000000008df00000|  0%| F|  |TAMS 0x000000008de00000, 0x000000008de00000| Untracked 
| 223|0x000000008df00000, 0x000000008df00000, 0x000000008e000000|  0%| F|  |TAMS 0x000000008df00000, 0x000000008df00000| Untracked 
| 224|0x000000008e000000, 0x000000008e000000, 0x000000008e100000|  0%| F|  |TAMS 0x000000008e000000, 0x000000008e000000| Untracked 
| 225|0x000000008e100000, 0x000000008e100000, 0x000000008e200000|  0%| F|  |TAMS 0x000000008e100000, 0x000000008e100000| Untracked 
| 226|0x000000008e200000, 0x000000008e200000, 0x000000008e300000|  0%| F|  |TAMS 0x000000008e200000, 0x000000008e200000| Untracked 
| 227|0x000000008e300000, 0x000000008e300000, 0x000000008e400000|  0%| F|  |TAMS 0x000000008e300000, 0x000000008e300000| Untracked 
| 228|0x000000008e400000, 0x000000008e400000, 0x000000008e500000|  0%| F|  |TAMS 0x000000008e400000, 0x000000008e400000| Untracked 
| 229|0x000000008e500000, 0x000000008e500000, 0x000000008e600000|  0%| F|  |TAMS 0x000000008e500000, 0x000000008e500000| Untracked 
| 230|0x000000008e600000, 0x000000008e600000, 0x000000008e700000|  0%| F|  |TAMS 0x000000008e600000, 0x000000008e600000| Untracked 
| 231|0x000000008e700000, 0x000000008e700000, 0x000000008e800000|  0%| F|  |TAMS 0x000000008e700000, 0x000000008e700000| Untracked 
| 232|0x000000008e800000, 0x000000008e800000, 0x000000008e900000|  0%| F|  |TAMS 0x000000008e800000, 0x000000008e800000| Untracked 
| 233|0x000000008e900000, 0x000000008e900000, 0x000000008ea00000|  0%| F|  |TAMS 0x000000008e900000, 0x000000008e900000| Untracked 
| 234|0x000000008ea00000, 0x000000008ea00000, 0x000000008eb00000|  0%| F|  |TAMS 0x000000008ea00000, 0x000000008ea00000| Untracked 
| 235|0x000000008eb00000, 0x000000008eb00000, 0x000000008ec00000|  0%| F|  |TAMS 0x000000008eb00000, 0x000000008eb00000| Untracked 
| 236|0x000000008ec00000, 0x000000008ec00000, 0x000000008ed00000|  0%| F|  |TAMS 0x000000008ec00000, 0x000000008ec00000| Untracked 
| 237|0x000000008ed00000, 0x000000008ed00000, 0x000000008ee00000|  0%| F|  |TAMS 0x000000008ed00000, 0x000000008ed00000| Untracked 
| 238|0x000000008ee00000, 0x000000008ee00000, 0x000000008ef00000|  0%| F|  |TAMS 0x000000008ee00000, 0x000000008ee00000| Untracked 
| 239|0x000000008ef00000, 0x000000008ef00000, 0x000000008f000000|  0%| F|  |TAMS 0x000000008ef00000, 0x000000008ef00000| Untracked 
| 240|0x000000008f000000, 0x000000008f000000, 0x000000008f100000|  0%| F|  |TAMS 0x000000008f000000, 0x000000008f000000| Untracked 
| 241|0x000000008f100000, 0x000000008f100000, 0x000000008f200000|  0%| F|  |TAMS 0x000000008f100000, 0x000000008f100000| Untracked 
| 242|0x000000008f200000, 0x000000008f200000, 0x000000008f300000|  0%| F|  |TAMS 0x000000008f200000, 0x000000008f200000| Untracked 
| 243|0x000000008f300000, 0x000000008f300000, 0x000000008f400000|  0%| F|  |TAMS 0x000000008f300000, 0x000000008f300000| Untracked 
| 244|0x000000008f400000, 0x000000008f400000, 0x000000008f500000|  0%| F|  |TAMS 0x000000008f400000, 0x000000008f400000| Untracked 
| 245|0x000000008f500000, 0x000000008f500000, 0x000000008f600000|  0%| F|  |TAMS 0x000000008f500000, 0x000000008f500000| Untracked 
| 246|0x000000008f600000, 0x000000008f600000, 0x000000008f700000|  0%| F|  |TAMS 0x000000008f600000, 0x000000008f600000| Untracked 
| 247|0x000000008f700000, 0x000000008f700000, 0x000000008f800000|  0%| F|  |TAMS 0x000000008f700000, 0x000000008f700000| Untracked 
| 248|0x000000008f800000, 0x000000008f800000, 0x000000008f900000|  0%| F|  |TAMS 0x000000008f800000, 0x000000008f800000| Untracked 
| 249|0x000000008f900000, 0x000000008f900000, 0x000000008fa00000|  0%| F|  |TAMS 0x000000008f900000, 0x000000008f900000| Untracked 
| 250|0x000000008fa00000, 0x000000008fa00000, 0x000000008fb00000|  0%| F|  |TAMS 0x000000008fa00000, 0x000000008fa00000| Untracked 
| 251|0x000000008fb00000, 0x000000008fb00000, 0x000000008fc00000|  0%| F|  |TAMS 0x000000008fb00000, 0x000000008fb00000| Untracked 
| 252|0x000000008fc00000, 0x000000008fcbd940, 0x000000008fd00000| 74%| E|  |TAMS 0x000000008fc00000, 0x000000008fc00000| Complete 
| 253|0x000000008fd00000, 0x000000008fe00000, 0x000000008fe00000|100%| E|CS|TAMS 0x000000008fd00000, 0x000000008fd00000| Complete 
| 254|0x000000008fe00000, 0x000000008ff00000, 0x000000008ff00000|100%| E|CS|TAMS 0x000000008fe00000, 0x000000008fe00000| Complete 
| 255|0x000000008ff00000, 0x000000008ffffff8, 0x0000000090000000| 99%| E|  |TAMS 0x000000008ff00000, 0x000000008ff00000| Complete 

Card table byte_map: [0x00000228bf6b0000,0x00000228bfab0000] _byte_map_base: 0x00000228bf2b0000

Marking Bits (Prev, Next): (CMBitMap*) 0x00000228aa57d0f0, (CMBitMap*) 0x00000228aa57d0b8
 Prev Bits: [0x00000228c1eb0000, 0x00000228c3eb0000)
 Next Bits: [0x00000228bfeb0000, 0x00000228c1eb0000)

Polling page: 0x00000228aa620000

Metaspace:

Usage:
  Non-class:    104.52 MB capacity,   102.19 MB ( 98%) used,     1.97 MB (  2%) free+waste,   375.50 KB ( <1%) overhead. 
      Class:     15.62 MB capacity,    14.43 MB ( 92%) used,     1.03 MB (  7%) free+waste,   165.31 KB (  1%) overhead. 
       Both:    120.14 MB capacity,   116.62 MB ( 97%) used,     3.00 MB (  2%) free+waste,   540.81 KB ( <1%) overhead. 

Virtual space:
  Non-class space:      106.00 MB reserved,     104.61 MB ( 99%) committed 
      Class space:        1.00 GB reserved,      15.63 MB (  2%) committed 
             Both:        1.10 GB reserved,     120.24 MB ( 11%) committed 

Chunk freelists:
   Non-Class:  27.00 KB
       Class:  8.00 KB
        Both:  35.00 KB

MaxMetaspaceSize: 17179869184.00 GB
CompressedClassSpaceSize: 1.00 GB
Initial GC threshold: 20.80 MB
Current GC threshold: 197.69 MB
CDS: off

CodeHeap 'non-profiled nmethods': size=120000Kb used=14328Kb max_used=14328Kb free=105671Kb
 bounds [0x00000228b7310000, 0x00000228b8110000, 0x00000228be840000]
CodeHeap 'profiled nmethods': size=120000Kb used=42485Kb max_used=42485Kb free=77514Kb
 bounds [0x00000228afde0000, 0x00000228b2760000, 0x00000228b7310000]
CodeHeap 'non-nmethods': size=5760Kb used=2481Kb max_used=2515Kb free=3278Kb
 bounds [0x00000228af840000, 0x00000228afad0000, 0x00000228afde0000]
 total_blobs=19639 nmethods=18621 adapters=929
 compilation: enabled
              stopped_count=0, restarted_count=0
 full_count=0

Compilation events (20 events):
Event: 3962.713 Thread 0x00000228c726c000 nmethod 19458 0x00000228b270e610 code [0x00000228b270e8c0, 0x00000228b270f7f8]
Event: 3962.714 Thread 0x00000228c726c000 19460   !   3       java.util.concurrent.ArrayBlockingQueue::take (46 bytes)
Event: 3962.714 Thread 0x00000228c726c000 nmethod 19460 0x00000228b270fd90 code [0x00000228b2710000, 0x00000228b2710918]
Event: 3962.718 Thread 0x00000228c726c000 19461       3       java.io.ObjectOutputStream$BlockDataOutputStream::flush (12 bytes)
Event: 3962.718 Thread 0x00000228c726c000 nmethod 19461 0x00000228b2710d10 code [0x00000228b2710ee0, 0x00000228b27110f8]
Event: 3962.721 Thread 0x00000228c726c000 19463       3       java.util.logging.LogManager$LoggerContext::requiresDefaultLoggers (29 bytes)
Event: 3962.721 Thread 0x00000228c726c000 nmethod 19463 0x00000228b2711210 code [0x00000228b27113e0, 0x00000228b27115e8]
Event: 3962.722 Thread 0x00000228c726c000 19466       3       com.google.common.base.Splitter::split (15 bytes)
Event: 3962.722 Thread 0x00000228c726c000 nmethod 19466 0x00000228b2711710 code [0x00000228b2711900, 0x00000228b2711d28]
Event: 3962.722 Thread 0x00000228c726c000 19465       3       com.android.ide.common.resources.configuration.FolderConfiguration::getConfigForFolder (11 bytes)
Event: 3962.723 Thread 0x00000228c726c000 nmethod 19465 0x00000228b2711e90 code [0x00000228b2712100, 0x00000228b2712b48]
Event: 3962.726 Thread 0x00000228c726c000 19467       3       com.android.utils.PositionXmlParser$DomBuilder::getCurrentPosition (262 bytes)
Event: 3962.728 Thread 0x00000228c726c000 nmethod 19467 0x00000228b2712f10 code [0x00000228b2713280, 0x00000228b2714a18]
Event: 3962.728 Thread 0x00000228c726c000 19473       3       org.apache.xerces.impl.XMLEntityScanner::skipSpaces (285 bytes)
Event: 3962.729 Thread 0x00000228c726c000 nmethod 19473 0x00000228b2715290 code [0x00000228b27154e0, 0x00000228b2715e68]
Event: 3962.729 Thread 0x00000228c726c000 19479       2       org.apache.xerces.dom.NamedNodeMapImpl::findNamePoint (105 bytes)
Event: 3962.730 Thread 0x00000228c726c000 nmethod 19479 0x00000228b2716310 code [0x00000228b2716500, 0x00000228b2716838]
Event: 3962.730 Thread 0x00000228c726c000 19477       3       org.apache.xerces.util.XMLAttributesImpl::addAttributeNS (169 bytes)
Event: 3962.731 Thread 0x00000228c726c000 nmethod 19477 0x00000228b2716a10 code [0x00000228b2716cc0, 0x00000228b2717ff8]
Event: 3962.731 Thread 0x00000228c726c000 19478       3       org.apache.xerces.impl.XMLNSDocumentScannerImpl::scanAttribute (586 bytes)

GC Heap History (20 events):
Event: 3316.238 GC heap before
{Heap before GC invocations=32 (full 0):
 garbage-first heap   total 262144K, used 216982K [0x0000000080000000, 0x0000000100000000)
  region size 1024K, 64 young (65536K), 2 survivors (2048K)
 Metaspace       used 110606K, capacity 113489K, committed 113652K, reserved 1148928K
  class space    used 13844K, capacity 14865K, committed 14976K, reserved 1048576K
}
Event: 3316.260 GC heap after
{Heap after GC invocations=33 (full 0):
 garbage-first heap   total 262144K, used 158930K [0x0000000080000000, 0x0000000100000000)
  region size 1024K, 7 young (7168K), 7 survivors (7168K)
 Metaspace       used 110606K, capacity 113489K, committed 113652K, reserved 1148928K
  class space    used 13844K, capacity 14865K, committed 14976K, reserved 1048576K
}
Event: 3471.303 GC heap before
{Heap before GC invocations=34 (full 0):
 garbage-first heap   total 262144K, used 218322K [0x0000000080000000, 0x0000000100000000)
  region size 1024K, 65 young (66560K), 7 survivors (7168K)
 Metaspace       used 110770K, capacity 113702K, committed 113908K, reserved 1148928K
  class space    used 13844K, capacity 14865K, committed 14976K, reserved 1048576K
}
Event: 3471.307 GC heap after
{Heap after GC invocations=35 (full 0):
 garbage-first heap   total 262144K, used 156306K [0x0000000080000000, 0x0000000100000000)
  region size 1024K, 1 young (1024K), 1 survivors (1024K)
 Metaspace       used 110770K, capacity 113702K, committed 113908K, reserved 1148928K
  class space    used 13844K, capacity 14865K, committed 14976K, reserved 1048576K
}
Event: 3551.213 GC heap before
{Heap before GC invocations=35 (full 0):
 garbage-first heap   total 262144K, used 166546K [0x0000000080000000, 0x0000000100000000)
  region size 1024K, 12 young (12288K), 1 survivors (1024K)
 Metaspace       used 110841K, capacity 113756K, committed 113908K, reserved 1148928K
  class space    used 13853K, capacity 14878K, committed 14976K, reserved 1048576K
}
Event: 3551.219 GC heap after
{Heap after GC invocations=36 (full 0):
 garbage-first heap   total 262144K, used 156166K [0x0000000080000000, 0x0000000100000000)
  region size 1024K, 2 young (2048K), 2 survivors (2048K)
 Metaspace       used 110841K, capacity 113756K, committed 113908K, reserved 1148928K
  class space    used 13853K, capacity 14878K, committed 14976K, reserved 1048576K
}
Event: 3596.868 GC heap before
{Heap before GC invocations=36 (full 0):
 garbage-first heap   total 262144K, used 218630K [0x0000000080000000, 0x0000000100000000)
  region size 1024K, 64 young (65536K), 2 survivors (2048K)
 Metaspace       used 111660K, capacity 115023K, committed 115188K, reserved 1148928K
  class space    used 13968K, capacity 15133K, committed 15232K, reserved 1048576K
}
Event: 3596.888 GC heap after
{Heap after GC invocations=37 (full 0):
 garbage-first heap   total 262144K, used 161857K [0x0000000080000000, 0x0000000100000000)
  region size 1024K, 8 young (8192K), 8 survivors (8192K)
 Metaspace       used 111660K, capacity 115023K, committed 115188K, reserved 1148928K
  class space    used 13968K, capacity 15133K, committed 15232K, reserved 1048576K
}
Event: 3597.541 GC heap before
{Heap before GC invocations=38 (full 0):
 garbage-first heap   total 262144K, used 220225K [0x0000000080000000, 0x0000000100000000)
  region size 1024K, 65 young (66560K), 8 survivors (8192K)
 Metaspace       used 112017K, capacity 115391K, committed 115700K, reserved 1150976K
  class space    used 14002K, capacity 15172K, committed 15232K, reserved 1048576K
}
Event: 3597.555 GC heap after
{Heap after GC invocations=39 (full 0):
 garbage-first heap   total 262144K, used 166944K [0x0000000080000000, 0x0000000100000000)
  region size 1024K, 6 young (6144K), 6 survivors (6144K)
 Metaspace       used 112017K, capacity 115391K, committed 115700K, reserved 1150976K
  class space    used 14002K, capacity 15172K, committed 15232K, reserved 1048576K
}
Event: 3597.583 GC heap before
{Heap before GC invocations=39 (full 0):
 garbage-first heap   total 262144K, used 173088K [0x0000000080000000, 0x0000000100000000)
  region size 1024K, 12 young (12288K), 6 survivors (6144K)
 Metaspace       used 112029K, capacity 115456K, committed 115700K, reserved 1150976K
  class space    used 14002K, capacity 15172K, committed 15232K, reserved 1048576K
}
Event: 3597.597 GC heap after
{Heap after GC invocations=40 (full 0):
 garbage-first heap   total 262144K, used 160139K [0x0000000080000000, 0x0000000100000000)
  region size 1024K, 2 young (2048K), 2 survivors (2048K)
 Metaspace       used 112029K, capacity 115456K, committed 115700K, reserved 1150976K
  class space    used 14002K, capacity 15172K, committed 15232K, reserved 1048576K
}
Event: 3957.331 GC heap before
{Heap before GC invocations=40 (full 0):
 garbage-first heap   total 262144K, used 218507K [0x0000000080000000, 0x0000000100000000)
  region size 1024K, 60 young (61440K), 2 survivors (2048K)
 Metaspace       used 113702K, capacity 117327K, committed 117492K, reserved 1150976K
  class space    used 14215K, capacity 15458K, committed 15488K, reserved 1048576K
}
Event: 3957.351 GC heap after
{Heap after GC invocations=41 (full 0):
 garbage-first heap   total 262144K, used 165238K [0x0000000080000000, 0x0000000100000000)
  region size 1024K, 7 young (7168K), 7 survivors (7168K)
 Metaspace       used 113702K, capacity 117327K, committed 117492K, reserved 1150976K
  class space    used 14215K, capacity 15458K, committed 15488K, reserved 1048576K
}
Event: 3959.306 GC heap before
{Heap before GC invocations=42 (full 0):
 garbage-first heap   total 262144K, used 218486K [0x0000000080000000, 0x0000000100000000)
  region size 1024K, 60 young (61440K), 7 survivors (7168K)
 Metaspace       used 117487K, capacity 120972K, committed 121204K, reserved 1155072K
  class space    used 14606K, capacity 15820K, committed 15872K, reserved 1048576K
}
Event: 3959.316 GC heap after
{Heap after GC invocations=43 (full 0):
 garbage-first heap   total 262144K, used 168816K [0x0000000080000000, 0x0000000100000000)
  region size 1024K, 4 young (4096K), 4 survivors (4096K)
 Metaspace       used 117487K, capacity 120972K, committed 121204K, reserved 1155072K
  class space    used 14606K, capacity 15820K, committed 15872K, reserved 1048576K
}
Event: 3959.834 GC heap before
{Heap before GC invocations=43 (full 0):
 garbage-first heap   total 262144K, used 175984K [0x0000000080000000, 0x0000000100000000)
  region size 1024K, 12 young (12288K), 4 survivors (4096K)
 Metaspace       used 117583K, capacity 121100K, committed 121204K, reserved 1155072K
  class space    used 14606K, capacity 15820K, committed 15872K, reserved 1048576K
}
Event: 3959.845 GC heap after
{Heap after GC invocations=44 (full 0):
 garbage-first heap   total 262144K, used 165978K [0x0000000080000000, 0x0000000100000000)
  region size 1024K, 2 young (2048K), 2 survivors (2048K)
 Metaspace       used 117583K, capacity 121100K, committed 121204K, reserved 1155072K
  class space    used 14606K, capacity 15820K, committed 15872K, reserved 1048576K
}
Event: 3961.823 GC heap before
{Heap before GC invocations=44 (full 0):
 garbage-first heap   total 262144K, used 187482K [0x0000000080000000, 0x0000000100000000)
  region size 1024K, 24 young (24576K), 2 survivors (2048K)
 Metaspace       used 117696K, capacity 121164K, committed 121460K, reserved 1155072K
  class space    used 14606K, capacity 15820K, committed 15872K, reserved 1048576K
}
Event: 3961.831 GC heap after
{Heap after GC invocations=45 (full 0):
 garbage-first heap   total 262144K, used 173056K [0x0000000080000000, 0x0000000100000000)
  region size 1024K, 7 young (7168K), 7 survivors (7168K)
 Metaspace       used 117696K, capacity 121164K, committed 121460K, reserved 1155072K
  class space    used 14606K, capacity 15820K, committed 15872K, reserved 1048576K
}

Deoptimization events (20 events):
Event: 3962.724 Thread 0x00000228d6d99800 DEOPT PACKING pc=0x00000228b741cb5c sp=0x00000094fc1fd520
Event: 3962.724 Thread 0x00000228d6d99800 DEOPT UNPACKING pc=0x00000228af88a1af sp=0x00000094fc1fd4b8 mode 2
Event: 3962.724 Thread 0x00000228d6d99800 Uncommon trap: trap_request=0xffffffc6 fr.pc=0x00000228b741cb5c relative=0x00000000000004fc
Event: 3962.724 Thread 0x00000228d6d99800 Uncommon trap: reason=bimorphic_or_optimized_type_check action=maybe_recompile pc=0x00000228b741cb5c method=org.apache.xerces.dom.NamedNodeMapImpl.findNamePoint(Ljava/lang/String;I)I @ 50 c2
Event: 3962.724 Thread 0x00000228d6d99800 DEOPT PACKING pc=0x00000228b741cb5c sp=0x00000094fc1fd520
Event: 3962.724 Thread 0x00000228d6d99800 DEOPT UNPACKING pc=0x00000228af88a1af sp=0x00000094fc1fd4b8 mode 2
Event: 3962.724 Thread 0x00000228d6d99800 Uncommon trap: trap_request=0xffffff4d fr.pc=0x00000228b73f0a70 relative=0x0000000000000790
Event: 3962.724 Thread 0x00000228d6d99800 Uncommon trap: reason=unstable_if action=reinterpret pc=0x00000228b73f0a70 method=com.android.utils.PositionXmlParser$DomBuilder.getCurrentPosition()Lcom/android/utils/PositionXmlParser$Position; @ 65 c2
Event: 3962.724 Thread 0x00000228d6d99800 DEOPT PACKING pc=0x00000228b73f0a70 sp=0x00000094fc1fd640
Event: 3962.724 Thread 0x00000228d6d99800 DEOPT UNPACKING pc=0x00000228af88a1af sp=0x00000094fc1fd5c8 mode 2
Event: 3962.724 Thread 0x00000228d6d99800 Uncommon trap: trap_request=0xffffff4d fr.pc=0x00000228b8085bf0 relative=0x0000000000000a50
Event: 3962.724 Thread 0x00000228d6d99800 Uncommon trap: reason=unstable_if action=reinterpret pc=0x00000228b8085bf0 method=org.apache.xerces.impl.XMLEntityScanner.scanContent(Lorg/apache/xerces/xni/XMLString;)I @ 134 c2
Event: 3962.724 Thread 0x00000228d6d99800 DEOPT PACKING pc=0x00000228b8085bf0 sp=0x00000094fc1fd780
Event: 3962.724 Thread 0x00000228d6d99800 DEOPT UNPACKING pc=0x00000228af88a1af sp=0x00000094fc1fd718 mode 2
Event: 3962.725 Thread 0x00000228d6d92000 Uncommon trap: trap_request=0xffffff4d fr.pc=0x00000228b808ef9c relative=0x00000000000006dc
Event: 3962.725 Thread 0x00000228d6d92000 Uncommon trap: reason=unstable_if action=reinterpret pc=0x00000228b808ef9c method=org.apache.xerces.util.XMLAttributesImpl.addAttributeNS(Lorg/apache/xerces/xni/QName;Ljava/lang/String;Ljava/lang/String;)V @ 22 c2
Event: 3962.725 Thread 0x00000228d6d92000 DEOPT PACKING pc=0x00000228b808ef9c sp=0x00000094fbffd0e0
Event: 3962.725 Thread 0x00000228d6d92000 DEOPT UNPACKING pc=0x00000228af88a1af sp=0x00000094fbffd0a0 mode 2
Event: 3962.727 Thread 0x00000228d6d96800 DEOPT PACKING pc=0x00000228b26d8e6e sp=0x00000094fbdfd0e0
Event: 3962.727 Thread 0x00000228d6d96800 DEOPT UNPACKING pc=0x00000228af88a95e sp=0x00000094fbdfc610 mode 0

Classes redefined (0 events):
No events

Internal exceptions (20 events):
Event: 3957.735 Thread 0x00000228d00f9000 Exception <a 'java/lang/NoSuchMethodError'{0x000000008f124c38}: <clinit>> (0x000000008f124c38) thrown at [./src/hotspot/share/prims/jni.cpp, line 1366]
Event: 3957.736 Thread 0x00000228d00f4000 Exception <a 'java/lang/NoSuchMethodError'{0x000000008f131910}: 'int java.lang.invoke.DirectMethodHandle$Holder.invokeSpecial(java.lang.Object, java.lang.Object, java.lang.Object, java.lang.Object, java.lang.Object)'> (0x000000008f131910) thrown at [./src/hotspot/share/interpreter/linkResolver.cpp, line 773]
Event: 3957.737 Thread 0x00000228d00f9000 Exception <a 'java/lang/NoSuchMethodError'{0x000000008f152af8}: <clinit>> (0x000000008f152af8) thrown at [./src/hotspot/share/prims/jni.cpp, line 1366]
Event: 3958.046 Thread 0x00000228d00f3000 Exception <a 'java/lang/NoSuchMethodError'{0x000000008dfef208}: 'void java.lang.invoke.DirectMethodHandle$Holder.invokeInterface(java.lang.Object, java.lang.Object, java.lang.Object, java.lang.Object)'> (0x000000008dfef208) thrown at [./src/hotspot/share/interpreter/linkResolver.cpp, line 773]
Event: 3962.648 Thread 0x00000228d00f3000 Exception <a 'java/lang/NoSuchMethodError'{0x000000008d3b6748}: <clinit>> (0x000000008d3b6748) thrown at [./src/hotspot/share/prims/jni.cpp, line 1366]
Event: 3962.650 Thread 0x00000228d00f3000 Exception <a 'java/lang/NoSuchMethodError'{0x000000008d3c6c78}: <clinit>> (0x000000008d3c6c78) thrown at [./src/hotspot/share/prims/jni.cpp, line 1366]
Event: 3962.663 Thread 0x00000228d00f3000 Exception <a 'java/lang/NoSuchMethodError'{0x000000008d2370a8}: <clinit>> (0x000000008d2370a8) thrown at [./src/hotspot/share/prims/jni.cpp, line 1366]
Event: 3962.663 Thread 0x00000228d00f3000 Exception <a 'java/lang/NoSuchMethodError'{0x000000008d239c70}: <clinit>> (0x000000008d239c70) thrown at [./src/hotspot/share/prims/jni.cpp, line 1366]
Event: 3962.663 Thread 0x00000228d00f3000 Exception <a 'java/lang/NoSuchMethodError'{0x000000008d23e650}: <clinit>> (0x000000008d23e650) thrown at [./src/hotspot/share/prims/jni.cpp, line 1366]
Event: 3962.664 Thread 0x00000228d00f3000 Exception <a 'java/lang/NoSuchMethodError'{0x000000008d249df0}: <clinit>> (0x000000008d249df0) thrown at [./src/hotspot/share/prims/jni.cpp, line 1366]
Event: 3962.670 Thread 0x00000228d00f3000 Exception <a 'java/lang/NoSuchMethodError'{0x000000008d294e68}: <clinit>> (0x000000008d294e68) thrown at [./src/hotspot/share/prims/jni.cpp, line 1366]
Event: 3962.674 Thread 0x00000228d00f3000 Exception <a 'java/lang/NoSuchMethodError'{0x000000008d2cb680}: <clinit>> (0x000000008d2cb680) thrown at [./src/hotspot/share/prims/jni.cpp, line 1366]
Event: 3962.677 Thread 0x00000228d00f3000 Exception <a 'java/lang/NoSuchMethodError'{0x000000008d2fd598}: <clinit>> (0x000000008d2fd598) thrown at [./src/hotspot/share/prims/jni.cpp, line 1366]
Event: 3962.677 Thread 0x00000228d00f3000 Exception <a 'java/lang/NoSuchMethodError'{0x000000008d1012d8}: <clinit>> (0x000000008d1012d8) thrown at [./src/hotspot/share/prims/jni.cpp, line 1366]
Event: 3962.677 Thread 0x00000228d00f3000 Exception <a 'java/lang/NoSuchMethodError'{0x000000008d103f48}: <clinit>> (0x000000008d103f48) thrown at [./src/hotspot/share/prims/jni.cpp, line 1366]
Event: 3962.679 Thread 0x00000228d00f3000 Exception <a 'java/lang/NoSuchMethodError'{0x000000008d11bf58}: <clinit>> (0x000000008d11bf58) thrown at [./src/hotspot/share/prims/jni.cpp, line 1366]
Event: 3962.682 Thread 0x00000228d00f3000 Exception <a 'java/lang/NoSuchMethodError'{0x000000008d133278}: <clinit>> (0x000000008d133278) thrown at [./src/hotspot/share/prims/jni.cpp, line 1366]
Event: 3962.684 Thread 0x00000228d00f3000 Exception <a 'java/lang/NoSuchMethodError'{0x000000008d154d78}: <clinit>> (0x000000008d154d78) thrown at [./src/hotspot/share/prims/jni.cpp, line 1366]
Event: 3962.685 Thread 0x00000228d00f3000 Exception <a 'java/lang/NoSuchMethodError'{0x000000008d167a70}: <clinit>> (0x000000008d167a70) thrown at [./src/hotspot/share/prims/jni.cpp, line 1366]
Event: 3962.706 Thread 0x00000228d00f3000 Exception <a 'java/lang/NoSuchMethodError'{0x000000008cf2ead0}: <clinit>> (0x000000008cf2ead0) thrown at [./src/hotspot/share/prims/jni.cpp, line 1366]

Events (20 events):
Event: 3962.721 loading class java/awt/geom/AffineTransform
Event: 3962.722 loading class java/awt/geom/AffineTransform done
Event: 3962.725 loading class org/apache/xerces/dom/DeepNodeListImpl
Event: 3962.725 loading class org/apache/xerces/dom/DeepNodeListImpl done
Event: 3962.725 Executing VM operation: RevokeBias
Event: 3962.726 Executing VM operation: RevokeBias done
Event: 3962.726 Executing VM operation: RevokeBias
Event: 3962.726 Executing VM operation: RevokeBias done
Event: 3962.726 Executing VM operation: RevokeBias
Event: 3962.727 Executing VM operation: RevokeBias done
Event: 3962.729 loading class java/awt/geom/Path2D
Event: 3962.729 loading class java/awt/geom/Path2D done
Event: 3962.729 loading class java/awt/geom/Path2D$Double
Event: 3962.730 loading class java/awt/geom/Path2D$Double done
Event: 3962.730 loading class java/awt/Stroke
Event: 3962.730 loading class java/awt/Stroke done
Event: 3962.730 loading class com/android/ide/common/vectordrawable/VdUtil
Event: 3962.730 loading class com/android/ide/common/vectordrawable/VdUtil done
Event: 3962.731 loading class com/android/ide/common/vectordrawable/PathParser$ParseMode
Event: 3962.731 loading class com/android/ide/common/vectordrawable/PathParser$ParseMode done


Dynamic libraries:
0x00007ff7b9f70000 - 0x00007ff7b9f7a000 	D:\AndroidStudio\jre\bin\java.exe
0x00007ffbebcf0000 - 0x00007ffbebee8000 	C:\Windows\SYSTEM32\ntdll.dll
0x00007ffbeb020000 - 0x00007ffbeb0dd000 	C:\Windows\System32\KERNEL32.DLL
0x00007ffbe9420000 - 0x00007ffbe9716000 	C:\Windows\System32\KERNELBASE.dll
0x00007ffbe9820000 - 0x00007ffbe9920000 	C:\Windows\System32\ucrtbase.dll
0x00007ffbd60c0000 - 0x00007ffbd60d9000 	D:\AndroidStudio\jre\bin\jli.dll
0x00007ffbd60e0000 - 0x00007ffbd60f7000 	D:\AndroidStudio\jre\bin\VCRUNTIME140.dll
0x00007ffbe9ec0000 - 0x00007ffbea05e000 	C:\Windows\System32\USER32.dll
0x00007ffbd5470000 - 0x00007ffbd570a000 	C:\Windows\WinSxS\amd64_microsoft.windows.common-controls_6595b64144ccf1df_6.0.19041.3636_none_60b6a03d71f818d5\COMCTL32.dll
0x00007ffbe93a0000 - 0x00007ffbe93c2000 	C:\Windows\System32\win32u.dll
0x00007ffbeaab0000 - 0x00007ffbeab4e000 	C:\Windows\System32\msvcrt.dll
0x00007ffbea060000 - 0x00007ffbea08c000 	C:\Windows\System32\GDI32.dll
0x00007ffbe9b20000 - 0x00007ffbe9c3a000 	C:\Windows\System32\gdi32full.dll
0x00007ffbe9a80000 - 0x00007ffbe9b1d000 	C:\Windows\System32\msvcp_win.dll
0x00007ffbeaf70000 - 0x00007ffbeafa0000 	C:\Windows\System32\IMM32.DLL
0x00007ffbb7da0000 - 0x00007ffbb7e3d000 	D:\AndroidStudio\jre\bin\msvcp140.dll
0x00007ffb99230000 - 0x00007ffb99d32000 	D:\AndroidStudio\jre\bin\server\jvm.dll
0x00007ffbe9d20000 - 0x00007ffbe9dcf000 	C:\Windows\System32\ADVAPI32.dll
0x00007ffbeb220000 - 0x00007ffbeb2bc000 	C:\Windows\System32\sechost.dll
0x00007ffbeabf0000 - 0x00007ffbead16000 	C:\Windows\System32\RPCRT4.dll
0x00007ffbe9eb0000 - 0x00007ffbe9eb8000 	C:\Windows\System32\PSAPI.DLL
0x00007ffbdac90000 - 0x00007ffbdacb7000 	C:\Windows\SYSTEM32\WINMM.dll
0x00007ffbe4a20000 - 0x00007ffbe4a2a000 	C:\Windows\SYSTEM32\VERSION.dll
0x00007ffbe0fc0000 - 0x00007ffbe0fc9000 	C:\Windows\SYSTEM32\WSOCK32.dll
0x00007ffbeb1b0000 - 0x00007ffbeb21b000 	C:\Windows\System32\WS2_32.dll
0x00007ffbe7280000 - 0x00007ffbe7292000 	C:\Windows\SYSTEM32\kernel.appcore.dll
0x00007ffbde9d0000 - 0x00007ffbde9e1000 	D:\AndroidStudio\jre\bin\verify.dll
0x00007ffbd7ae0000 - 0x00007ffbd7cc4000 	C:\Windows\SYSTEM32\DBGHELP.DLL
0x00007ffbcb6d0000 - 0x00007ffbcb704000 	C:\Windows\SYSTEM32\dbgcore.DLL
0x00007ffbe9720000 - 0x00007ffbe97a2000 	C:\Windows\System32\bcryptPrimitives.dll
0x00007ffbdde90000 - 0x00007ffbddeb9000 	D:\AndroidStudio\jre\bin\java.dll
0x00007ffbe0fb0000 - 0x00007ffbe0fbb000 	D:\AndroidStudio\jre\bin\jimage.dll
0x00007ffbdd6c0000 - 0x00007ffbdd6d8000 	D:\AndroidStudio\jre\bin\zip.dll
0x00007ffbeb2c0000 - 0x00007ffbeba04000 	C:\Windows\System32\SHELL32.dll
0x00007ffbe7480000 - 0x00007ffbe7c1b000 	C:\Windows\SYSTEM32\windows.storage.dll
0x00007ffbea2e0000 - 0x00007ffbea634000 	C:\Windows\System32\combase.dll
0x00007ffbe8de0000 - 0x00007ffbe8e0d000 	C:\Windows\SYSTEM32\Wldp.dll
0x00007ffbeadd0000 - 0x00007ffbeae7d000 	C:\Windows\System32\SHCORE.dll
0x00007ffbeaf00000 - 0x00007ffbeaf55000 	C:\Windows\System32\shlwapi.dll
0x00007ffbe92d0000 - 0x00007ffbe92f5000 	C:\Windows\SYSTEM32\profapi.dll
0x00007ffbdd6a0000 - 0x00007ffbdd6ba000 	D:\AndroidStudio\jre\bin\net.dll
0x00007ffbe1b70000 - 0x00007ffbe1c7a000 	C:\Windows\SYSTEM32\WINHTTP.dll
0x00007ffbe8b40000 - 0x00007ffbe8baa000 	C:\Windows\system32\mswsock.dll
0x00007ffbd50f0000 - 0x00007ffbd5104000 	D:\AndroidStudio\jre\bin\nio.dll
0x00007ffbd6100000 - 0x00007ffbd6127000 	C:\Users\Matve\.gradle\native\e1d6ef7f7dcc3fd88c89a11ec53ec762bb8ba0a96d01ffa2cd45eb1d1d8dd5c5\windows-amd64\native-platform.dll
0x00007ffb9db80000 - 0x00007ffb9dcc4000 	C:\Users\Matve\.gradle\native\0d407fdbe67a94daf76414ababcb853783967236a71b16ec16e742cd7a986fd3\windows-amd64\native-platform-file-events.dll
0x00007ffbe0f20000 - 0x00007ffbe0f2a000 	D:\AndroidStudio\jre\bin\management.dll
0x00007ffbdde80000 - 0x00007ffbdde8d000 	D:\AndroidStudio\jre\bin\management_ext.dll
0x00007ffbe8d40000 - 0x00007ffbe8d58000 	C:\Windows\SYSTEM32\CRYPTSP.dll
0x00007ffbe8400000 - 0x00007ffbe8434000 	C:\Windows\system32\rsaenh.dll
0x00007ffbe9c40000 - 0x00007ffbe9c67000 	C:\Windows\System32\bcrypt.dll
0x00007ffbe9290000 - 0x00007ffbe92be000 	C:\Windows\SYSTEM32\USERENV.dll
0x00007ffbe8d30000 - 0x00007ffbe8d3c000 	C:\Windows\SYSTEM32\CRYPTBASE.dll
0x00007ffbe87e0000 - 0x00007ffbe881b000 	C:\Windows\SYSTEM32\IPHLPAPI.DLL
0x00007ffbeab50000 - 0x00007ffbeab58000 	C:\Windows\System32\NSI.dll
0x00007ffbe2360000 - 0x00007ffbe2377000 	C:\Windows\SYSTEM32\dhcpcsvc6.DLL
0x00007ffbe2bf0000 - 0x00007ffbe2c0d000 	C:\Windows\SYSTEM32\dhcpcsvc.DLL
0x00007ffbe8830000 - 0x00007ffbe88fa000 	C:\Windows\SYSTEM32\DNSAPI.dll
0x00007ffbcb040000 - 0x00007ffbcb067000 	D:\AndroidStudio\jre\bin\sunec.dll
0x00007ffbd9940000 - 0x00007ffbd994a000 	C:\Windows\System32\rasadhlp.dll
0x00007ffbd9290000 - 0x00007ffbd9310000 	C:\Windows\System32\fwpuclnt.dll
0x00007ffbb1700000 - 0x00007ffbb18a6000 	D:\AndroidStudio\jre\bin\awt.dll
0x00007ffbeb0e0000 - 0x00007ffbeb1ad000 	C:\Windows\System32\OLEAUT32.dll
0x00007ffbe70a0000 - 0x00007ffbe70cf000 	C:\Windows\SYSTEM32\dwmapi.dll
0x00007ffbe6c60000 - 0x00007ffbe6cf0000 	C:\Windows\SYSTEM32\apphelp.dll

dbghelp: loaded successfully - version: 4.0.5 - missing functions: none
symbol engine: initialized successfully - sym options: 0x614 - pdb path: .;D:\AndroidStudio\jre\bin;C:\Windows\SYSTEM32;C:\Windows\WinSxS\amd64_microsoft.windows.common-controls_6595b64144ccf1df_6.0.19041.3636_none_60b6a03d71f818d5;D:\AndroidStudio\jre\bin\server;C:\Users\Matve\.gradle\native\e1d6ef7f7dcc3fd88c89a11ec53ec762bb8ba0a96d01ffa2cd45eb1d1d8dd5c5\windows-amd64;C:\Users\Matve\.gradle\native\0d407fdbe67a94daf76414ababcb853783967236a71b16ec16e742cd7a986fd3\windows-amd64

VM Arguments:
jvm_args: --add-opens=java.base/java.util=ALL-UNNAMED --add-opens=java.base/java.lang=ALL-UNNAMED --add-opens=java.base/java.lang.invoke=ALL-UNNAMED --add-opens=java.base/java.util=ALL-UNNAMED --add-opens=java.prefs/java.util.prefs=ALL-UNNAMED --add-opens=java.prefs/java.util.prefs=ALL-UNNAMED --add-opens=java.base/java.nio.charset=ALL-UNNAMED --add-opens=java.base/java.net=ALL-UNNAMED --add-opens=java.base/java.util.concurrent.atomic=ALL-UNNAMED -Xmx2048m -Dfile.encoding=UTF-8 -Duser.country=RU -Duser.language=ru -Duser.variant 
java_command: org.gradle.launcher.daemon.bootstrap.GradleDaemon 7.4
java_class_path (initial): C:\Users\Matve\.gradle\wrapper\dists\gradle-7.4-bin\c0gwcg53nkjbqw7r0h0umtfvt\gradle-7.4\lib\gradle-launcher-7.4.jar
Launcher Type: SUN_STANDARD

[Global flags]
     intx CICompilerCount                          = 4                                         {product} {ergonomic}
     uint ConcGCThreads                            = 2                                         {product} {ergonomic}
     uint G1ConcRefinementThreads                  = 8                                         {product} {ergonomic}
   size_t G1HeapRegionSize                         = 1048576                                   {product} {ergonomic}
    uintx GCDrainStackTargetSize                   = 64                                        {product} {ergonomic}
   size_t InitialHeapSize                          = 268435456                                 {product} {ergonomic}
   size_t MarkStackSize                            = 4194304                                   {product} {ergonomic}
   size_t MaxHeapSize                              = 2147483648                                {product} {command line}
   size_t MaxNewSize                               = 1287651328                                {product} {ergonomic}
   size_t MinHeapDeltaBytes                        = 1048576                                   {product} {ergonomic}
    uintx NonNMethodCodeHeapSize                   = 5836300                                {pd product} {ergonomic}
    uintx NonProfiledCodeHeapSize                  = 122910970                              {pd product} {ergonomic}
    uintx ProfiledCodeHeapSize                     = 122910970                              {pd product} {ergonomic}
    uintx ReservedCodeCacheSize                    = 251658240                              {pd product} {ergonomic}
     bool SegmentedCodeCache                       = true                                      {product} {ergonomic}
     bool UseCompressedClassPointers               = true                                 {lp64_product} {ergonomic}
     bool UseCompressedOops                        = true                                 {lp64_product} {ergonomic}
     bool UseG1GC                                  = true                                      {product} {ergonomic}
     bool UseLargePagesIndividualAllocation        = false                                  {pd product} {ergonomic}

Logging:
Log output configuration:
 #0: stdout all=warning uptime,level,tags
 #1: stderr all=off uptime,level,tags

Environment Variables:
JAVA_HOME=C:\Program Files\Java\jdk-1.8
PATH=C:\ProgramData\Oracle\Java\javapath;C:\Windows\system32;C:\Windows;C:\Windows\System32\Wbem;C:\Windows\System32\WindowsPowerShell\v1.0\;C:\Windows\System32\OpenSSH\;C:\Program Files\Git\cmd;C:\Program Files\Java\jdk-1.8\bin;C:\Program Files\dotnet\;C:\Users\Matve\AppData\Local\Programs\Python\Python311\Scripts\;C:\Users\Matve\AppData\Local\Programs\Python\Python311\;C:\Users\Matve\AppData\Local\Microsoft\WindowsApps
USERNAME=Matve
OS=Windows_NT
PROCESSOR_IDENTIFIER=AMD64 Family 23 Model 24 Stepping 1, AuthenticAMD



---------------  S Y S T E M  ---------------

OS: Windows 10 , 64 bit Build 19041 (10.0.19041.3636)
OS uptime: 0 days 21:05 hours

CPU:total 8 (initial active 8) (8 cores per cpu, 2 threads per core) family 23 model 24 stepping 1 microcode 0x0, cmov, cx8, fxsr, mmx, sse, sse2, sse3, ssse3, sse4.1, sse4.2, popcnt, avx, avx2, aes, clmul, mmxext, 3dnowpref, lzcnt, sse4a, ht, tsc, tscinvbit, tscinv, bmi1, bmi2, adx, sha, fma

Memory: 4k page, system-wide physical 16332M (3069M free)
TotalPageFile size 18380M (AvailPageFile size 0M)
current process WorkingSet (physical memory assigned to process): 516M, peak: 585M
current process commit charge ("private bytes"): 659M, peak: 662M

vm_info: OpenJDK 64-Bit Server VM (11.0.13+0-b1751.21-8125866) for windows-amd64 JRE (11.0.13+0-b1751.21-8125866), built on Feb  2 2022 03:00:22 by "builder" with MS VC++ 14.0 (VS2015)

END.
